Copyright 1986-2019 Xilinx, Inc. All Rights Reserved.
-------------------------------------------------------------------------------------------------------------
| Tool Version : Vivado v.2019.1 (win64) Build 2552052 Fri May 24 14:49:42 MDT 2019
| Date         : Thu Aug 22 10:51:29 2019
| Host         : pc-yiliu running 64-bit Service Pack 1  (build 7601)
| Command      : report_utilization -file yolo_top_utilization_placed.rpt -pb yolo_top_utilization_placed.pb
| Design       : yolo_top
| Device       : xczu9egffvb1156-2
| Design State : Fully Placed
-------------------------------------------------------------------------------------------------------------

Utilization Design Information

Table of Contents
-----------------
1. CLB Logic
1.1 Summary of Registers by Type
2. CLB Logic Distribution
3. BLOCKRAM
4. ARITHMETIC
5. I/O
6. CLOCK
7. ADVANCED
8. CONFIGURATION
9. Primitives
10. Black Boxes
11. Instantiated Netlists

1. CLB Logic
------------

+----------------------------+------+-------+-----------+-------+
|          Site Type         | Used | Fixed | Available | Util% |
+----------------------------+------+-------+-----------+-------+
| CLB LUTs                   |  251 |     0 |    274080 |  0.09 |
|   LUT as Logic             |  171 |     0 |    274080 |  0.06 |
|   LUT as Memory            |   80 |     0 |    144000 |  0.06 |
|     LUT as Distributed RAM |    0 |     0 |           |       |
|     LUT as Shift Register  |   80 |     0 |           |       |
| CLB Registers              |  314 |     0 |    548160 |  0.06 |
|   Register as Flip Flop    |  314 |     0 |    548160 |  0.06 |
|   Register as Latch        |    0 |     0 |    548160 |  0.00 |
| CARRY8                     |    0 |     0 |     34260 |  0.00 |
| F7 Muxes                   |    0 |     0 |    137040 |  0.00 |
| F8 Muxes                   |    0 |     0 |     68520 |  0.00 |
| F9 Muxes                   |    0 |     0 |     34260 |  0.00 |
+----------------------------+------+-------+-----------+-------+


1.1 Summary of Registers by Type
--------------------------------

+-------+--------------+-------------+--------------+
| Total | Clock Enable | Synchronous | Asynchronous |
+-------+--------------+-------------+--------------+
| 0     |            _ |           - |            - |
| 0     |            _ |           - |          Set |
| 0     |            _ |           - |        Reset |
| 0     |            _ |         Set |            - |
| 0     |            _ |       Reset |            - |
| 0     |          Yes |           - |            - |
| 10    |          Yes |           - |          Set |
| 2     |          Yes |           - |        Reset |
| 2     |          Yes |         Set |            - |
| 300   |          Yes |       Reset |            - |
+-------+--------------+-------------+--------------+


2. CLB Logic Distribution
-------------------------

+--------------------------------------------+------+-------+-----------+-------+
|                  Site Type                 | Used | Fixed | Available | Util% |
+--------------------------------------------+------+-------+-----------+-------+
| CLB                                        |   56 |     0 |     34260 |  0.16 |
|   CLBL                                     |   16 |     0 |           |       |
|   CLBM                                     |   40 |     0 |           |       |
| LUT as Logic                               |  171 |     0 |    274080 |  0.06 |
|   using O5 output only                     |    8 |       |           |       |
|   using O6 output only                     |  152 |       |           |       |
|   using O5 and O6                          |   11 |       |           |       |
| LUT as Memory                              |   80 |     0 |    144000 |  0.06 |
|   LUT as Distributed RAM                   |    0 |     0 |           |       |
|   LUT as Shift Register                    |   80 |     0 |           |       |
|     using O5 output only                   |    0 |       |           |       |
|     using O6 output only                   |   14 |       |           |       |
|     using O5 and O6                        |   66 |       |           |       |
| CLB Registers                              |  314 |     0 |    548160 |  0.06 |
|   Register driven from within the CLB      |  164 |       |           |       |
|   Register driven from outside the CLB     |  150 |       |           |       |
|     LUT in front of the register is unused |   81 |       |           |       |
|     LUT in front of the register is used   |   69 |       |           |       |
| Unique Control Sets                        |   10 |       |     68520 |  0.01 |
+--------------------------------------------+------+-------+-----------+-------+
* Note: Available Control Sets calculated as CLB Registers / 8, Review the Control Sets Report for more information regarding control sets.


3. BLOCKRAM
-----------

+----------------+------+-------+-----------+-------+
|    Site Type   | Used | Fixed | Available | Util% |
+----------------+------+-------+-----------+-------+
| Block RAM Tile |    0 |     0 |       912 |  0.00 |
|   RAMB36/FIFO* |    0 |     0 |       912 |  0.00 |
|   RAMB18       |    0 |     0 |      1824 |  0.00 |
+----------------+------+-------+-----------+-------+
* Note: Each Block RAM Tile only has one FIFO logic available and therefore can accommodate only one FIFO36E2 or one FIFO18E2. However, if a FIFO18E2 occupies a Block RAM Tile, that tile can still accommodate a RAMB18E2


4. ARITHMETIC
-------------

+-----------+------+-------+-----------+-------+
| Site Type | Used | Fixed | Available | Util% |
+-----------+------+-------+-----------+-------+
| DSPs      |    0 |     0 |      2520 |  0.00 |
+-----------+------+-------+-----------+-------+


5. I/O
------

+------------------+------+-------+-----------+-------+
|     Site Type    | Used | Fixed | Available | Util% |
+------------------+------+-------+-----------+-------+
| Bonded IOB       |  153 |     0 |       328 | 46.65 |
| HPIOB_M          |   73 |     0 |        96 | 76.04 |
|   INPUT          |   38 |       |           |       |
|   OUTPUT         |   35 |       |           |       |
|   BIDIR          |    0 |       |           |       |
| HPIOB_S          |   72 |     0 |        96 | 75.00 |
|   INPUT          |   36 |       |           |       |
|   OUTPUT         |   36 |       |           |       |
|   BIDIR          |    0 |       |           |       |
| HDIOB_M          |    0 |     0 |        60 |  0.00 |
| HDIOB_S          |    0 |     0 |        60 |  0.00 |
| HPIOB_SNGL       |    8 |     0 |        16 | 50.00 |
|   INPUT          |    4 |       |           |       |
|   OUTPUT         |    4 |       |           |       |
|   BIDIR          |    0 |       |           |       |
| HPIOBDIFFINBUF   |    0 |     0 |        96 |  0.00 |
| HPIOBDIFFOUTBUF  |    0 |     0 |        96 |  0.00 |
| HDIOBDIFFINBUF   |    0 |     0 |        60 |  0.00 |
| BITSLICE_CONTROL |    0 |     0 |        32 |  0.00 |
| BITSLICE_RX_TX   |    0 |     0 |       208 |  0.00 |
| BITSLICE_TX      |    0 |     0 |        32 |  0.00 |
| RIU_OR           |    0 |     0 |        16 |  0.00 |
+------------------+------+-------+-----------+-------+


6. CLOCK
--------

+----------------------+------+-------+-----------+-------+
|       Site Type      | Used | Fixed | Available | Util% |
+----------------------+------+-------+-----------+-------+
| GLOBAL CLOCK BUFFERs |    2 |     0 |       404 |  0.50 |
|   BUFGCE             |    2 |     0 |       116 |  1.72 |
|   BUFGCE_DIV         |    0 |     0 |        16 |  0.00 |
|   BUFG_GT            |    0 |     0 |       168 |  0.00 |
|   BUFG_PS            |    0 |     0 |        72 |  0.00 |
|   BUFGCTRL*          |    0 |     0 |        32 |  0.00 |
| PLL                  |    0 |     0 |         8 |  0.00 |
| MMCM                 |    0 |     0 |         4 |  0.00 |
+----------------------+------+-------+-----------+-------+
* Note: Each used BUFGCTRL counts as two GLOBAL CLOCK BUFFERs. This table does not include global clocking resources, only buffer cell usage. See the Clock Utilization Report (report_clock_utilization) for detailed accounting of global clocking resource availability.


7. ADVANCED
-----------

+-----------------+------+-------+-----------+-------+
|    Site Type    | Used | Fixed | Available | Util% |
+-----------------+------+-------+-----------+-------+
| GTHE4_CHANNEL   |    0 |     0 |        24 |  0.00 |
| GTHE4_COMMON    |    0 |     0 |         6 |  0.00 |
| OBUFDS_GTE4     |    0 |     0 |        12 |  0.00 |
| OBUFDS_GTE4_ADV |    0 |     0 |        12 |  0.00 |
| PS8             |    0 |     0 |         1 |  0.00 |
| SYSMONE4        |    0 |     0 |         1 |  0.00 |
+-----------------+------+-------+-----------+-------+


8. CONFIGURATION
----------------

+-------------+------+-------+-----------+-------+
|  Site Type  | Used | Fixed | Available | Util% |
+-------------+------+-------+-----------+-------+
| BSCANE2     |    0 |     0 |         4 |  0.00 |
| DNA_PORTE2  |    0 |     0 |         1 |  0.00 |
| EFUSE_USR   |    0 |     0 |         1 |  0.00 |
| FRAME_ECCE4 |    0 |     0 |         1 |  0.00 |
| ICAPE3      |    0 |     0 |         2 |  0.00 |
| MASTER_JTAG |    0 |     0 |         1 |  0.00 |
| STARTUPE3   |    0 |     0 |         1 |  0.00 |
+-------------+------+-------+-----------+-------+


9. Primitives
-------------

+----------+------+---------------------+
| Ref Name | Used | Functional Category |
+----------+------+---------------------+
| FDRE     |  300 |            Register |
| LUT4     |  162 |                 CLB |
| SRL16E   |  146 |                 CLB |
| INBUF    |   78 |                 I/O |
| IBUFCTRL |   78 |              Others |
| OBUF     |   75 |                 I/O |
| LUT5     |   12 |                 CLB |
| FDPE     |   10 |            Register |
| LUT2     |    4 |                 CLB |
| LUT6     |    2 |                 CLB |
| LUT1     |    2 |                 CLB |
| FDSE     |    2 |            Register |
| FDCE     |    2 |            Register |
| BUFGCE   |    2 |               Clock |
+----------+------+---------------------+


10. Black Boxes
---------------

+----------+------+
| Ref Name | Used |
+----------+------+


11. Instantiated Netlists
-------------------------

+----------+------+
| Ref Name | Used |
+----------+------+


