Copyright 1986-2019 Xilinx, Inc. All Rights Reserved.
--------------------------------------------------------------------------------------------------------------------------------------------------------------
| Tool Version : Vivado v.2019.1 (win64) Build 2552052 Fri May 24 14:49:42 MDT 2019
| Date         : Thu Aug 22 10:52:44 2019
| Host         : pc-yiliu running 64-bit Service Pack 1  (build 7601)
| Command      : report_methodology -file yolo_top_methodology_drc_routed.rpt -pb yolo_top_methodology_drc_routed.pb -rpx yolo_top_methodology_drc_routed.rpx
| Design       : yolo_top
| Device       : xczu9eg-ffvb1156-2-e
| Speed File   : -2
| Design State : Fully Routed
--------------------------------------------------------------------------------------------------------------------------------------------------------------

Report Methodology

Table of Contents
-----------------
1. REPORT SUMMARY
2. REPORT DETAILS

1. REPORT SUMMARY
-----------------
            Netlist: netlist
          Floorplan: design_1
      Design limits: <entire design considered>
             Max violations: <unlimited>
             Violations found: 460
+-----------+------------------+-----------------------------+------------+
| Rule      | Severity         | Description                 | Violations |
+-----------+------------------+-----------------------------+------------+
| TIMING-17 | Critical Warning | Non-clocked sequential cell | 460        |
+-----------+------------------+-----------------------------+------------+

2. REPORT DETAILS
-----------------
TIMING-17#1 Critical Warning
Non-clocked sequential cell  
The clock pin INPUT_STREAM_if_U/isif_fifo/empty_reg/C is not reached by a timing clock
Related violations: <none>

TIMING-17#2 Critical Warning
Non-clocked sequential cell  
The clock pin INPUT_STREAM_if_U/isif_fifo/full_reg/C is not reached by a timing clock
Related violations: <none>

TIMING-17#3 Critical Warning
Non-clocked sequential cell  
The clock pin INPUT_STREAM_if_U/isif_fifo/gen_sr[15].mem_reg[15][0]_srl16/CLK is not reached by a timing clock
Related violations: <none>

TIMING-17#4 Critical Warning
Non-clocked sequential cell  
The clock pin INPUT_STREAM_if_U/isif_fifo/gen_sr[15].mem_reg[15][10]_srl16/CLK is not reached by a timing clock
Related violations: <none>

TIMING-17#5 Critical Warning
Non-clocked sequential cell  
The clock pin INPUT_STREAM_if_U/isif_fifo/gen_sr[15].mem_reg[15][11]_srl16/CLK is not reached by a timing clock
Related violations: <none>

TIMING-17#6 Critical Warning
Non-clocked sequential cell  
The clock pin INPUT_STREAM_if_U/isif_fifo/gen_sr[15].mem_reg[15][12]_srl16/CLK is not reached by a timing clock
Related violations: <none>

TIMING-17#7 Critical Warning
Non-clocked sequential cell  
The clock pin INPUT_STREAM_if_U/isif_fifo/gen_sr[15].mem_reg[15][13]_srl16/CLK is not reached by a timing clock
Related violations: <none>

TIMING-17#8 Critical Warning
Non-clocked sequential cell  
The clock pin INPUT_STREAM_if_U/isif_fifo/gen_sr[15].mem_reg[15][14]_srl16/CLK is not reached by a timing clock
Related violations: <none>

TIMING-17#9 Critical Warning
Non-clocked sequential cell  
The clock pin INPUT_STREAM_if_U/isif_fifo/gen_sr[15].mem_reg[15][15]_srl16/CLK is not reached by a timing clock
Related violations: <none>

TIMING-17#10 Critical Warning
Non-clocked sequential cell  
The clock pin INPUT_STREAM_if_U/isif_fifo/gen_sr[15].mem_reg[15][16]_srl16/CLK is not reached by a timing clock
Related violations: <none>

TIMING-17#11 Critical Warning
Non-clocked sequential cell  
The clock pin INPUT_STREAM_if_U/isif_fifo/gen_sr[15].mem_reg[15][17]_srl16/CLK is not reached by a timing clock
Related violations: <none>

TIMING-17#12 Critical Warning
Non-clocked sequential cell  
The clock pin INPUT_STREAM_if_U/isif_fifo/gen_sr[15].mem_reg[15][18]_srl16/CLK is not reached by a timing clock
Related violations: <none>

TIMING-17#13 Critical Warning
Non-clocked sequential cell  
The clock pin INPUT_STREAM_if_U/isif_fifo/gen_sr[15].mem_reg[15][19]_srl16/CLK is not reached by a timing clock
Related violations: <none>

TIMING-17#14 Critical Warning
Non-clocked sequential cell  
The clock pin INPUT_STREAM_if_U/isif_fifo/gen_sr[15].mem_reg[15][1]_srl16/CLK is not reached by a timing clock
Related violations: <none>

TIMING-17#15 Critical Warning
Non-clocked sequential cell  
The clock pin INPUT_STREAM_if_U/isif_fifo/gen_sr[15].mem_reg[15][20]_srl16/CLK is not reached by a timing clock
Related violations: <none>

TIMING-17#16 Critical Warning
Non-clocked sequential cell  
The clock pin INPUT_STREAM_if_U/isif_fifo/gen_sr[15].mem_reg[15][21]_srl16/CLK is not reached by a timing clock
Related violations: <none>

TIMING-17#17 Critical Warning
Non-clocked sequential cell  
The clock pin INPUT_STREAM_if_U/isif_fifo/gen_sr[15].mem_reg[15][22]_srl16/CLK is not reached by a timing clock
Related violations: <none>

TIMING-17#18 Critical Warning
Non-clocked sequential cell  
The clock pin INPUT_STREAM_if_U/isif_fifo/gen_sr[15].mem_reg[15][23]_srl16/CLK is not reached by a timing clock
Related violations: <none>

TIMING-17#19 Critical Warning
Non-clocked sequential cell  
The clock pin INPUT_STREAM_if_U/isif_fifo/gen_sr[15].mem_reg[15][24]_srl16/CLK is not reached by a timing clock
Related violations: <none>

TIMING-17#20 Critical Warning
Non-clocked sequential cell  
The clock pin INPUT_STREAM_if_U/isif_fifo/gen_sr[15].mem_reg[15][25]_srl16/CLK is not reached by a timing clock
Related violations: <none>

TIMING-17#21 Critical Warning
Non-clocked sequential cell  
The clock pin INPUT_STREAM_if_U/isif_fifo/gen_sr[15].mem_reg[15][26]_srl16/CLK is not reached by a timing clock
Related violations: <none>

TIMING-17#22 Critical Warning
Non-clocked sequential cell  
The clock pin INPUT_STREAM_if_U/isif_fifo/gen_sr[15].mem_reg[15][27]_srl16/CLK is not reached by a timing clock
Related violations: <none>

TIMING-17#23 Critical Warning
Non-clocked sequential cell  
The clock pin INPUT_STREAM_if_U/isif_fifo/gen_sr[15].mem_reg[15][28]_srl16/CLK is not reached by a timing clock
Related violations: <none>

TIMING-17#24 Critical Warning
Non-clocked sequential cell  
The clock pin INPUT_STREAM_if_U/isif_fifo/gen_sr[15].mem_reg[15][29]_srl16/CLK is not reached by a timing clock
Related violations: <none>

TIMING-17#25 Critical Warning
Non-clocked sequential cell  
The clock pin INPUT_STREAM_if_U/isif_fifo/gen_sr[15].mem_reg[15][2]_srl16/CLK is not reached by a timing clock
Related violations: <none>

TIMING-17#26 Critical Warning
Non-clocked sequential cell  
The clock pin INPUT_STREAM_if_U/isif_fifo/gen_sr[15].mem_reg[15][30]_srl16/CLK is not reached by a timing clock
Related violations: <none>

TIMING-17#27 Critical Warning
Non-clocked sequential cell  
The clock pin INPUT_STREAM_if_U/isif_fifo/gen_sr[15].mem_reg[15][31]_srl16/CLK is not reached by a timing clock
Related violations: <none>

TIMING-17#28 Critical Warning
Non-clocked sequential cell  
The clock pin INPUT_STREAM_if_U/isif_fifo/gen_sr[15].mem_reg[15][32]_srl16/CLK is not reached by a timing clock
Related violations: <none>

TIMING-17#29 Critical Warning
Non-clocked sequential cell  
The clock pin INPUT_STREAM_if_U/isif_fifo/gen_sr[15].mem_reg[15][33]_srl16/CLK is not reached by a timing clock
Related violations: <none>

TIMING-17#30 Critical Warning
Non-clocked sequential cell  
The clock pin INPUT_STREAM_if_U/isif_fifo/gen_sr[15].mem_reg[15][34]_srl16/CLK is not reached by a timing clock
Related violations: <none>

TIMING-17#31 Critical Warning
Non-clocked sequential cell  
The clock pin INPUT_STREAM_if_U/isif_fifo/gen_sr[15].mem_reg[15][35]_srl16/CLK is not reached by a timing clock
Related violations: <none>

TIMING-17#32 Critical Warning
Non-clocked sequential cell  
The clock pin INPUT_STREAM_if_U/isif_fifo/gen_sr[15].mem_reg[15][36]_srl16/CLK is not reached by a timing clock
Related violations: <none>

TIMING-17#33 Critical Warning
Non-clocked sequential cell  
The clock pin INPUT_STREAM_if_U/isif_fifo/gen_sr[15].mem_reg[15][37]_srl16/CLK is not reached by a timing clock
Related violations: <none>

TIMING-17#34 Critical Warning
Non-clocked sequential cell  
The clock pin INPUT_STREAM_if_U/isif_fifo/gen_sr[15].mem_reg[15][38]_srl16/CLK is not reached by a timing clock
Related violations: <none>

TIMING-17#35 Critical Warning
Non-clocked sequential cell  
The clock pin INPUT_STREAM_if_U/isif_fifo/gen_sr[15].mem_reg[15][39]_srl16/CLK is not reached by a timing clock
Related violations: <none>

TIMING-17#36 Critical Warning
Non-clocked sequential cell  
The clock pin INPUT_STREAM_if_U/isif_fifo/gen_sr[15].mem_reg[15][3]_srl16/CLK is not reached by a timing clock
Related violations: <none>

TIMING-17#37 Critical Warning
Non-clocked sequential cell  
The clock pin INPUT_STREAM_if_U/isif_fifo/gen_sr[15].mem_reg[15][40]_srl16/CLK is not reached by a timing clock
Related violations: <none>

TIMING-17#38 Critical Warning
Non-clocked sequential cell  
The clock pin INPUT_STREAM_if_U/isif_fifo/gen_sr[15].mem_reg[15][41]_srl16/CLK is not reached by a timing clock
Related violations: <none>

TIMING-17#39 Critical Warning
Non-clocked sequential cell  
The clock pin INPUT_STREAM_if_U/isif_fifo/gen_sr[15].mem_reg[15][42]_srl16/CLK is not reached by a timing clock
Related violations: <none>

TIMING-17#40 Critical Warning
Non-clocked sequential cell  
The clock pin INPUT_STREAM_if_U/isif_fifo/gen_sr[15].mem_reg[15][43]_srl16/CLK is not reached by a timing clock
Related violations: <none>

TIMING-17#41 Critical Warning
Non-clocked sequential cell  
The clock pin INPUT_STREAM_if_U/isif_fifo/gen_sr[15].mem_reg[15][44]_srl16/CLK is not reached by a timing clock
Related violations: <none>

TIMING-17#42 Critical Warning
Non-clocked sequential cell  
The clock pin INPUT_STREAM_if_U/isif_fifo/gen_sr[15].mem_reg[15][45]_srl16/CLK is not reached by a timing clock
Related violations: <none>

TIMING-17#43 Critical Warning
Non-clocked sequential cell  
The clock pin INPUT_STREAM_if_U/isif_fifo/gen_sr[15].mem_reg[15][46]_srl16/CLK is not reached by a timing clock
Related violations: <none>

TIMING-17#44 Critical Warning
Non-clocked sequential cell  
The clock pin INPUT_STREAM_if_U/isif_fifo/gen_sr[15].mem_reg[15][47]_srl16/CLK is not reached by a timing clock
Related violations: <none>

TIMING-17#45 Critical Warning
Non-clocked sequential cell  
The clock pin INPUT_STREAM_if_U/isif_fifo/gen_sr[15].mem_reg[15][48]_srl16/CLK is not reached by a timing clock
Related violations: <none>

TIMING-17#46 Critical Warning
Non-clocked sequential cell  
The clock pin INPUT_STREAM_if_U/isif_fifo/gen_sr[15].mem_reg[15][49]_srl16/CLK is not reached by a timing clock
Related violations: <none>

TIMING-17#47 Critical Warning
Non-clocked sequential cell  
The clock pin INPUT_STREAM_if_U/isif_fifo/gen_sr[15].mem_reg[15][4]_srl16/CLK is not reached by a timing clock
Related violations: <none>

TIMING-17#48 Critical Warning
Non-clocked sequential cell  
The clock pin INPUT_STREAM_if_U/isif_fifo/gen_sr[15].mem_reg[15][50]_srl16/CLK is not reached by a timing clock
Related violations: <none>

TIMING-17#49 Critical Warning
Non-clocked sequential cell  
The clock pin INPUT_STREAM_if_U/isif_fifo/gen_sr[15].mem_reg[15][51]_srl16/CLK is not reached by a timing clock
Related violations: <none>

TIMING-17#50 Critical Warning
Non-clocked sequential cell  
The clock pin INPUT_STREAM_if_U/isif_fifo/gen_sr[15].mem_reg[15][52]_srl16/CLK is not reached by a timing clock
Related violations: <none>

TIMING-17#51 Critical Warning
Non-clocked sequential cell  
The clock pin INPUT_STREAM_if_U/isif_fifo/gen_sr[15].mem_reg[15][53]_srl16/CLK is not reached by a timing clock
Related violations: <none>

TIMING-17#52 Critical Warning
Non-clocked sequential cell  
The clock pin INPUT_STREAM_if_U/isif_fifo/gen_sr[15].mem_reg[15][54]_srl16/CLK is not reached by a timing clock
Related violations: <none>

TIMING-17#53 Critical Warning
Non-clocked sequential cell  
The clock pin INPUT_STREAM_if_U/isif_fifo/gen_sr[15].mem_reg[15][55]_srl16/CLK is not reached by a timing clock
Related violations: <none>

TIMING-17#54 Critical Warning
Non-clocked sequential cell  
The clock pin INPUT_STREAM_if_U/isif_fifo/gen_sr[15].mem_reg[15][56]_srl16/CLK is not reached by a timing clock
Related violations: <none>

TIMING-17#55 Critical Warning
Non-clocked sequential cell  
The clock pin INPUT_STREAM_if_U/isif_fifo/gen_sr[15].mem_reg[15][57]_srl16/CLK is not reached by a timing clock
Related violations: <none>

TIMING-17#56 Critical Warning
Non-clocked sequential cell  
The clock pin INPUT_STREAM_if_U/isif_fifo/gen_sr[15].mem_reg[15][58]_srl16/CLK is not reached by a timing clock
Related violations: <none>

TIMING-17#57 Critical Warning
Non-clocked sequential cell  
The clock pin INPUT_STREAM_if_U/isif_fifo/gen_sr[15].mem_reg[15][59]_srl16/CLK is not reached by a timing clock
Related violations: <none>

TIMING-17#58 Critical Warning
Non-clocked sequential cell  
The clock pin INPUT_STREAM_if_U/isif_fifo/gen_sr[15].mem_reg[15][5]_srl16/CLK is not reached by a timing clock
Related violations: <none>

TIMING-17#59 Critical Warning
Non-clocked sequential cell  
The clock pin INPUT_STREAM_if_U/isif_fifo/gen_sr[15].mem_reg[15][60]_srl16/CLK is not reached by a timing clock
Related violations: <none>

TIMING-17#60 Critical Warning
Non-clocked sequential cell  
The clock pin INPUT_STREAM_if_U/isif_fifo/gen_sr[15].mem_reg[15][61]_srl16/CLK is not reached by a timing clock
Related violations: <none>

TIMING-17#61 Critical Warning
Non-clocked sequential cell  
The clock pin INPUT_STREAM_if_U/isif_fifo/gen_sr[15].mem_reg[15][62]_srl16/CLK is not reached by a timing clock
Related violations: <none>

TIMING-17#62 Critical Warning
Non-clocked sequential cell  
The clock pin INPUT_STREAM_if_U/isif_fifo/gen_sr[15].mem_reg[15][63]_srl16/CLK is not reached by a timing clock
Related violations: <none>

TIMING-17#63 Critical Warning
Non-clocked sequential cell  
The clock pin INPUT_STREAM_if_U/isif_fifo/gen_sr[15].mem_reg[15][64]_srl16/CLK is not reached by a timing clock
Related violations: <none>

TIMING-17#64 Critical Warning
Non-clocked sequential cell  
The clock pin INPUT_STREAM_if_U/isif_fifo/gen_sr[15].mem_reg[15][65]_srl16/CLK is not reached by a timing clock
Related violations: <none>

TIMING-17#65 Critical Warning
Non-clocked sequential cell  
The clock pin INPUT_STREAM_if_U/isif_fifo/gen_sr[15].mem_reg[15][66]_srl16/CLK is not reached by a timing clock
Related violations: <none>

TIMING-17#66 Critical Warning
Non-clocked sequential cell  
The clock pin INPUT_STREAM_if_U/isif_fifo/gen_sr[15].mem_reg[15][67]_srl16/CLK is not reached by a timing clock
Related violations: <none>

TIMING-17#67 Critical Warning
Non-clocked sequential cell  
The clock pin INPUT_STREAM_if_U/isif_fifo/gen_sr[15].mem_reg[15][68]_srl16/CLK is not reached by a timing clock
Related violations: <none>

TIMING-17#68 Critical Warning
Non-clocked sequential cell  
The clock pin INPUT_STREAM_if_U/isif_fifo/gen_sr[15].mem_reg[15][69]_srl16/CLK is not reached by a timing clock
Related violations: <none>

TIMING-17#69 Critical Warning
Non-clocked sequential cell  
The clock pin INPUT_STREAM_if_U/isif_fifo/gen_sr[15].mem_reg[15][6]_srl16/CLK is not reached by a timing clock
Related violations: <none>

TIMING-17#70 Critical Warning
Non-clocked sequential cell  
The clock pin INPUT_STREAM_if_U/isif_fifo/gen_sr[15].mem_reg[15][70]_srl16/CLK is not reached by a timing clock
Related violations: <none>

TIMING-17#71 Critical Warning
Non-clocked sequential cell  
The clock pin INPUT_STREAM_if_U/isif_fifo/gen_sr[15].mem_reg[15][71]_srl16/CLK is not reached by a timing clock
Related violations: <none>

TIMING-17#72 Critical Warning
Non-clocked sequential cell  
The clock pin INPUT_STREAM_if_U/isif_fifo/gen_sr[15].mem_reg[15][72]_srl16/CLK is not reached by a timing clock
Related violations: <none>

TIMING-17#73 Critical Warning
Non-clocked sequential cell  
The clock pin INPUT_STREAM_if_U/isif_fifo/gen_sr[15].mem_reg[15][7]_srl16/CLK is not reached by a timing clock
Related violations: <none>

TIMING-17#74 Critical Warning
Non-clocked sequential cell  
The clock pin INPUT_STREAM_if_U/isif_fifo/gen_sr[15].mem_reg[15][8]_srl16/CLK is not reached by a timing clock
Related violations: <none>

TIMING-17#75 Critical Warning
Non-clocked sequential cell  
The clock pin INPUT_STREAM_if_U/isif_fifo/gen_sr[15].mem_reg[15][9]_srl16/CLK is not reached by a timing clock
Related violations: <none>

TIMING-17#76 Critical Warning
Non-clocked sequential cell  
The clock pin INPUT_STREAM_if_U/isif_fifo/index_reg[0]/C is not reached by a timing clock
Related violations: <none>

TIMING-17#77 Critical Warning
Non-clocked sequential cell  
The clock pin INPUT_STREAM_if_U/isif_fifo/index_reg[1]/C is not reached by a timing clock
Related violations: <none>

TIMING-17#78 Critical Warning
Non-clocked sequential cell  
The clock pin INPUT_STREAM_if_U/isif_fifo/index_reg[2]/C is not reached by a timing clock
Related violations: <none>

TIMING-17#79 Critical Warning
Non-clocked sequential cell  
The clock pin INPUT_STREAM_if_U/isif_fifo/index_reg[3]/C is not reached by a timing clock
Related violations: <none>

TIMING-17#80 Critical Warning
Non-clocked sequential cell  
The clock pin INPUT_STREAM_if_U/rs/FSM_sequential_state_reg[0]/C is not reached by a timing clock
Related violations: <none>

TIMING-17#81 Critical Warning
Non-clocked sequential cell  
The clock pin INPUT_STREAM_if_U/rs/FSM_sequential_state_reg[1]/C is not reached by a timing clock
Related violations: <none>

TIMING-17#82 Critical Warning
Non-clocked sequential cell  
The clock pin INPUT_STREAM_if_U/rs/data_p1_reg[0]/C is not reached by a timing clock
Related violations: <none>

TIMING-17#83 Critical Warning
Non-clocked sequential cell  
The clock pin INPUT_STREAM_if_U/rs/data_p1_reg[10]/C is not reached by a timing clock
Related violations: <none>

TIMING-17#84 Critical Warning
Non-clocked sequential cell  
The clock pin INPUT_STREAM_if_U/rs/data_p1_reg[11]/C is not reached by a timing clock
Related violations: <none>

TIMING-17#85 Critical Warning
Non-clocked sequential cell  
The clock pin INPUT_STREAM_if_U/rs/data_p1_reg[12]/C is not reached by a timing clock
Related violations: <none>

TIMING-17#86 Critical Warning
Non-clocked sequential cell  
The clock pin INPUT_STREAM_if_U/rs/data_p1_reg[13]/C is not reached by a timing clock
Related violations: <none>

TIMING-17#87 Critical Warning
Non-clocked sequential cell  
The clock pin INPUT_STREAM_if_U/rs/data_p1_reg[14]/C is not reached by a timing clock
Related violations: <none>

TIMING-17#88 Critical Warning
Non-clocked sequential cell  
The clock pin INPUT_STREAM_if_U/rs/data_p1_reg[15]/C is not reached by a timing clock
Related violations: <none>

TIMING-17#89 Critical Warning
Non-clocked sequential cell  
The clock pin INPUT_STREAM_if_U/rs/data_p1_reg[16]/C is not reached by a timing clock
Related violations: <none>

TIMING-17#90 Critical Warning
Non-clocked sequential cell  
The clock pin INPUT_STREAM_if_U/rs/data_p1_reg[17]/C is not reached by a timing clock
Related violations: <none>

TIMING-17#91 Critical Warning
Non-clocked sequential cell  
The clock pin INPUT_STREAM_if_U/rs/data_p1_reg[18]/C is not reached by a timing clock
Related violations: <none>

TIMING-17#92 Critical Warning
Non-clocked sequential cell  
The clock pin INPUT_STREAM_if_U/rs/data_p1_reg[19]/C is not reached by a timing clock
Related violations: <none>

TIMING-17#93 Critical Warning
Non-clocked sequential cell  
The clock pin INPUT_STREAM_if_U/rs/data_p1_reg[1]/C is not reached by a timing clock
Related violations: <none>

TIMING-17#94 Critical Warning
Non-clocked sequential cell  
The clock pin INPUT_STREAM_if_U/rs/data_p1_reg[20]/C is not reached by a timing clock
Related violations: <none>

TIMING-17#95 Critical Warning
Non-clocked sequential cell  
The clock pin INPUT_STREAM_if_U/rs/data_p1_reg[21]/C is not reached by a timing clock
Related violations: <none>

TIMING-17#96 Critical Warning
Non-clocked sequential cell  
The clock pin INPUT_STREAM_if_U/rs/data_p1_reg[22]/C is not reached by a timing clock
Related violations: <none>

TIMING-17#97 Critical Warning
Non-clocked sequential cell  
The clock pin INPUT_STREAM_if_U/rs/data_p1_reg[23]/C is not reached by a timing clock
Related violations: <none>

TIMING-17#98 Critical Warning
Non-clocked sequential cell  
The clock pin INPUT_STREAM_if_U/rs/data_p1_reg[24]/C is not reached by a timing clock
Related violations: <none>

TIMING-17#99 Critical Warning
Non-clocked sequential cell  
The clock pin INPUT_STREAM_if_U/rs/data_p1_reg[25]/C is not reached by a timing clock
Related violations: <none>

TIMING-17#100 Critical Warning
Non-clocked sequential cell  
The clock pin INPUT_STREAM_if_U/rs/data_p1_reg[26]/C is not reached by a timing clock
Related violations: <none>

TIMING-17#101 Critical Warning
Non-clocked sequential cell  
The clock pin INPUT_STREAM_if_U/rs/data_p1_reg[27]/C is not reached by a timing clock
Related violations: <none>

TIMING-17#102 Critical Warning
Non-clocked sequential cell  
The clock pin INPUT_STREAM_if_U/rs/data_p1_reg[28]/C is not reached by a timing clock
Related violations: <none>

TIMING-17#103 Critical Warning
Non-clocked sequential cell  
The clock pin INPUT_STREAM_if_U/rs/data_p1_reg[29]/C is not reached by a timing clock
Related violations: <none>

TIMING-17#104 Critical Warning
Non-clocked sequential cell  
The clock pin INPUT_STREAM_if_U/rs/data_p1_reg[2]/C is not reached by a timing clock
Related violations: <none>

TIMING-17#105 Critical Warning
Non-clocked sequential cell  
The clock pin INPUT_STREAM_if_U/rs/data_p1_reg[30]/C is not reached by a timing clock
Related violations: <none>

TIMING-17#106 Critical Warning
Non-clocked sequential cell  
The clock pin INPUT_STREAM_if_U/rs/data_p1_reg[31]/C is not reached by a timing clock
Related violations: <none>

TIMING-17#107 Critical Warning
Non-clocked sequential cell  
The clock pin INPUT_STREAM_if_U/rs/data_p1_reg[32]/C is not reached by a timing clock
Related violations: <none>

TIMING-17#108 Critical Warning
Non-clocked sequential cell  
The clock pin INPUT_STREAM_if_U/rs/data_p1_reg[33]/C is not reached by a timing clock
Related violations: <none>

TIMING-17#109 Critical Warning
Non-clocked sequential cell  
The clock pin INPUT_STREAM_if_U/rs/data_p1_reg[34]/C is not reached by a timing clock
Related violations: <none>

TIMING-17#110 Critical Warning
Non-clocked sequential cell  
The clock pin INPUT_STREAM_if_U/rs/data_p1_reg[35]/C is not reached by a timing clock
Related violations: <none>

TIMING-17#111 Critical Warning
Non-clocked sequential cell  
The clock pin INPUT_STREAM_if_U/rs/data_p1_reg[36]/C is not reached by a timing clock
Related violations: <none>

TIMING-17#112 Critical Warning
Non-clocked sequential cell  
The clock pin INPUT_STREAM_if_U/rs/data_p1_reg[37]/C is not reached by a timing clock
Related violations: <none>

TIMING-17#113 Critical Warning
Non-clocked sequential cell  
The clock pin INPUT_STREAM_if_U/rs/data_p1_reg[38]/C is not reached by a timing clock
Related violations: <none>

TIMING-17#114 Critical Warning
Non-clocked sequential cell  
The clock pin INPUT_STREAM_if_U/rs/data_p1_reg[39]/C is not reached by a timing clock
Related violations: <none>

TIMING-17#115 Critical Warning
Non-clocked sequential cell  
The clock pin INPUT_STREAM_if_U/rs/data_p1_reg[3]/C is not reached by a timing clock
Related violations: <none>

TIMING-17#116 Critical Warning
Non-clocked sequential cell  
The clock pin INPUT_STREAM_if_U/rs/data_p1_reg[40]/C is not reached by a timing clock
Related violations: <none>

TIMING-17#117 Critical Warning
Non-clocked sequential cell  
The clock pin INPUT_STREAM_if_U/rs/data_p1_reg[41]/C is not reached by a timing clock
Related violations: <none>

TIMING-17#118 Critical Warning
Non-clocked sequential cell  
The clock pin INPUT_STREAM_if_U/rs/data_p1_reg[42]/C is not reached by a timing clock
Related violations: <none>

TIMING-17#119 Critical Warning
Non-clocked sequential cell  
The clock pin INPUT_STREAM_if_U/rs/data_p1_reg[43]/C is not reached by a timing clock
Related violations: <none>

TIMING-17#120 Critical Warning
Non-clocked sequential cell  
The clock pin INPUT_STREAM_if_U/rs/data_p1_reg[44]/C is not reached by a timing clock
Related violations: <none>

TIMING-17#121 Critical Warning
Non-clocked sequential cell  
The clock pin INPUT_STREAM_if_U/rs/data_p1_reg[45]/C is not reached by a timing clock
Related violations: <none>

TIMING-17#122 Critical Warning
Non-clocked sequential cell  
The clock pin INPUT_STREAM_if_U/rs/data_p1_reg[46]/C is not reached by a timing clock
Related violations: <none>

TIMING-17#123 Critical Warning
Non-clocked sequential cell  
The clock pin INPUT_STREAM_if_U/rs/data_p1_reg[47]/C is not reached by a timing clock
Related violations: <none>

TIMING-17#124 Critical Warning
Non-clocked sequential cell  
The clock pin INPUT_STREAM_if_U/rs/data_p1_reg[48]/C is not reached by a timing clock
Related violations: <none>

TIMING-17#125 Critical Warning
Non-clocked sequential cell  
The clock pin INPUT_STREAM_if_U/rs/data_p1_reg[49]/C is not reached by a timing clock
Related violations: <none>

TIMING-17#126 Critical Warning
Non-clocked sequential cell  
The clock pin INPUT_STREAM_if_U/rs/data_p1_reg[4]/C is not reached by a timing clock
Related violations: <none>

TIMING-17#127 Critical Warning
Non-clocked sequential cell  
The clock pin INPUT_STREAM_if_U/rs/data_p1_reg[50]/C is not reached by a timing clock
Related violations: <none>

TIMING-17#128 Critical Warning
Non-clocked sequential cell  
The clock pin INPUT_STREAM_if_U/rs/data_p1_reg[51]/C is not reached by a timing clock
Related violations: <none>

TIMING-17#129 Critical Warning
Non-clocked sequential cell  
The clock pin INPUT_STREAM_if_U/rs/data_p1_reg[52]/C is not reached by a timing clock
Related violations: <none>

TIMING-17#130 Critical Warning
Non-clocked sequential cell  
The clock pin INPUT_STREAM_if_U/rs/data_p1_reg[53]/C is not reached by a timing clock
Related violations: <none>

TIMING-17#131 Critical Warning
Non-clocked sequential cell  
The clock pin INPUT_STREAM_if_U/rs/data_p1_reg[54]/C is not reached by a timing clock
Related violations: <none>

TIMING-17#132 Critical Warning
Non-clocked sequential cell  
The clock pin INPUT_STREAM_if_U/rs/data_p1_reg[55]/C is not reached by a timing clock
Related violations: <none>

TIMING-17#133 Critical Warning
Non-clocked sequential cell  
The clock pin INPUT_STREAM_if_U/rs/data_p1_reg[56]/C is not reached by a timing clock
Related violations: <none>

TIMING-17#134 Critical Warning
Non-clocked sequential cell  
The clock pin INPUT_STREAM_if_U/rs/data_p1_reg[57]/C is not reached by a timing clock
Related violations: <none>

TIMING-17#135 Critical Warning
Non-clocked sequential cell  
The clock pin INPUT_STREAM_if_U/rs/data_p1_reg[58]/C is not reached by a timing clock
Related violations: <none>

TIMING-17#136 Critical Warning
Non-clocked sequential cell  
The clock pin INPUT_STREAM_if_U/rs/data_p1_reg[59]/C is not reached by a timing clock
Related violations: <none>

TIMING-17#137 Critical Warning
Non-clocked sequential cell  
The clock pin INPUT_STREAM_if_U/rs/data_p1_reg[5]/C is not reached by a timing clock
Related violations: <none>

TIMING-17#138 Critical Warning
Non-clocked sequential cell  
The clock pin INPUT_STREAM_if_U/rs/data_p1_reg[60]/C is not reached by a timing clock
Related violations: <none>

TIMING-17#139 Critical Warning
Non-clocked sequential cell  
The clock pin INPUT_STREAM_if_U/rs/data_p1_reg[61]/C is not reached by a timing clock
Related violations: <none>

TIMING-17#140 Critical Warning
Non-clocked sequential cell  
The clock pin INPUT_STREAM_if_U/rs/data_p1_reg[62]/C is not reached by a timing clock
Related violations: <none>

TIMING-17#141 Critical Warning
Non-clocked sequential cell  
The clock pin INPUT_STREAM_if_U/rs/data_p1_reg[63]/C is not reached by a timing clock
Related violations: <none>

TIMING-17#142 Critical Warning
Non-clocked sequential cell  
The clock pin INPUT_STREAM_if_U/rs/data_p1_reg[64]/C is not reached by a timing clock
Related violations: <none>

TIMING-17#143 Critical Warning
Non-clocked sequential cell  
The clock pin INPUT_STREAM_if_U/rs/data_p1_reg[65]/C is not reached by a timing clock
Related violations: <none>

TIMING-17#144 Critical Warning
Non-clocked sequential cell  
The clock pin INPUT_STREAM_if_U/rs/data_p1_reg[66]/C is not reached by a timing clock
Related violations: <none>

TIMING-17#145 Critical Warning
Non-clocked sequential cell  
The clock pin INPUT_STREAM_if_U/rs/data_p1_reg[67]/C is not reached by a timing clock
Related violations: <none>

TIMING-17#146 Critical Warning
Non-clocked sequential cell  
The clock pin INPUT_STREAM_if_U/rs/data_p1_reg[68]/C is not reached by a timing clock
Related violations: <none>

TIMING-17#147 Critical Warning
Non-clocked sequential cell  
The clock pin INPUT_STREAM_if_U/rs/data_p1_reg[69]/C is not reached by a timing clock
Related violations: <none>

TIMING-17#148 Critical Warning
Non-clocked sequential cell  
The clock pin INPUT_STREAM_if_U/rs/data_p1_reg[6]/C is not reached by a timing clock
Related violations: <none>

TIMING-17#149 Critical Warning
Non-clocked sequential cell  
The clock pin INPUT_STREAM_if_U/rs/data_p1_reg[70]/C is not reached by a timing clock
Related violations: <none>

TIMING-17#150 Critical Warning
Non-clocked sequential cell  
The clock pin INPUT_STREAM_if_U/rs/data_p1_reg[71]/C is not reached by a timing clock
Related violations: <none>

TIMING-17#151 Critical Warning
Non-clocked sequential cell  
The clock pin INPUT_STREAM_if_U/rs/data_p1_reg[72]/C is not reached by a timing clock
Related violations: <none>

TIMING-17#152 Critical Warning
Non-clocked sequential cell  
The clock pin INPUT_STREAM_if_U/rs/data_p1_reg[7]/C is not reached by a timing clock
Related violations: <none>

TIMING-17#153 Critical Warning
Non-clocked sequential cell  
The clock pin INPUT_STREAM_if_U/rs/data_p1_reg[8]/C is not reached by a timing clock
Related violations: <none>

TIMING-17#154 Critical Warning
Non-clocked sequential cell  
The clock pin INPUT_STREAM_if_U/rs/data_p1_reg[9]/C is not reached by a timing clock
Related violations: <none>

TIMING-17#155 Critical Warning
Non-clocked sequential cell  
The clock pin INPUT_STREAM_if_U/rs/data_p2_reg[0]/C is not reached by a timing clock
Related violations: <none>

TIMING-17#156 Critical Warning
Non-clocked sequential cell  
The clock pin INPUT_STREAM_if_U/rs/data_p2_reg[10]/C is not reached by a timing clock
Related violations: <none>

TIMING-17#157 Critical Warning
Non-clocked sequential cell  
The clock pin INPUT_STREAM_if_U/rs/data_p2_reg[11]/C is not reached by a timing clock
Related violations: <none>

TIMING-17#158 Critical Warning
Non-clocked sequential cell  
The clock pin INPUT_STREAM_if_U/rs/data_p2_reg[12]/C is not reached by a timing clock
Related violations: <none>

TIMING-17#159 Critical Warning
Non-clocked sequential cell  
The clock pin INPUT_STREAM_if_U/rs/data_p2_reg[13]/C is not reached by a timing clock
Related violations: <none>

TIMING-17#160 Critical Warning
Non-clocked sequential cell  
The clock pin INPUT_STREAM_if_U/rs/data_p2_reg[14]/C is not reached by a timing clock
Related violations: <none>

TIMING-17#161 Critical Warning
Non-clocked sequential cell  
The clock pin INPUT_STREAM_if_U/rs/data_p2_reg[15]/C is not reached by a timing clock
Related violations: <none>

TIMING-17#162 Critical Warning
Non-clocked sequential cell  
The clock pin INPUT_STREAM_if_U/rs/data_p2_reg[16]/C is not reached by a timing clock
Related violations: <none>

TIMING-17#163 Critical Warning
Non-clocked sequential cell  
The clock pin INPUT_STREAM_if_U/rs/data_p2_reg[17]/C is not reached by a timing clock
Related violations: <none>

TIMING-17#164 Critical Warning
Non-clocked sequential cell  
The clock pin INPUT_STREAM_if_U/rs/data_p2_reg[18]/C is not reached by a timing clock
Related violations: <none>

TIMING-17#165 Critical Warning
Non-clocked sequential cell  
The clock pin INPUT_STREAM_if_U/rs/data_p2_reg[19]/C is not reached by a timing clock
Related violations: <none>

TIMING-17#166 Critical Warning
Non-clocked sequential cell  
The clock pin INPUT_STREAM_if_U/rs/data_p2_reg[1]/C is not reached by a timing clock
Related violations: <none>

TIMING-17#167 Critical Warning
Non-clocked sequential cell  
The clock pin INPUT_STREAM_if_U/rs/data_p2_reg[20]/C is not reached by a timing clock
Related violations: <none>

TIMING-17#168 Critical Warning
Non-clocked sequential cell  
The clock pin INPUT_STREAM_if_U/rs/data_p2_reg[21]/C is not reached by a timing clock
Related violations: <none>

TIMING-17#169 Critical Warning
Non-clocked sequential cell  
The clock pin INPUT_STREAM_if_U/rs/data_p2_reg[22]/C is not reached by a timing clock
Related violations: <none>

TIMING-17#170 Critical Warning
Non-clocked sequential cell  
The clock pin INPUT_STREAM_if_U/rs/data_p2_reg[23]/C is not reached by a timing clock
Related violations: <none>

TIMING-17#171 Critical Warning
Non-clocked sequential cell  
The clock pin INPUT_STREAM_if_U/rs/data_p2_reg[24]/C is not reached by a timing clock
Related violations: <none>

TIMING-17#172 Critical Warning
Non-clocked sequential cell  
The clock pin INPUT_STREAM_if_U/rs/data_p2_reg[25]/C is not reached by a timing clock
Related violations: <none>

TIMING-17#173 Critical Warning
Non-clocked sequential cell  
The clock pin INPUT_STREAM_if_U/rs/data_p2_reg[26]/C is not reached by a timing clock
Related violations: <none>

TIMING-17#174 Critical Warning
Non-clocked sequential cell  
The clock pin INPUT_STREAM_if_U/rs/data_p2_reg[27]/C is not reached by a timing clock
Related violations: <none>

TIMING-17#175 Critical Warning
Non-clocked sequential cell  
The clock pin INPUT_STREAM_if_U/rs/data_p2_reg[28]/C is not reached by a timing clock
Related violations: <none>

TIMING-17#176 Critical Warning
Non-clocked sequential cell  
The clock pin INPUT_STREAM_if_U/rs/data_p2_reg[29]/C is not reached by a timing clock
Related violations: <none>

TIMING-17#177 Critical Warning
Non-clocked sequential cell  
The clock pin INPUT_STREAM_if_U/rs/data_p2_reg[2]/C is not reached by a timing clock
Related violations: <none>

TIMING-17#178 Critical Warning
Non-clocked sequential cell  
The clock pin INPUT_STREAM_if_U/rs/data_p2_reg[30]/C is not reached by a timing clock
Related violations: <none>

TIMING-17#179 Critical Warning
Non-clocked sequential cell  
The clock pin INPUT_STREAM_if_U/rs/data_p2_reg[31]/C is not reached by a timing clock
Related violations: <none>

TIMING-17#180 Critical Warning
Non-clocked sequential cell  
The clock pin INPUT_STREAM_if_U/rs/data_p2_reg[32]/C is not reached by a timing clock
Related violations: <none>

TIMING-17#181 Critical Warning
Non-clocked sequential cell  
The clock pin INPUT_STREAM_if_U/rs/data_p2_reg[33]/C is not reached by a timing clock
Related violations: <none>

TIMING-17#182 Critical Warning
Non-clocked sequential cell  
The clock pin INPUT_STREAM_if_U/rs/data_p2_reg[34]/C is not reached by a timing clock
Related violations: <none>

TIMING-17#183 Critical Warning
Non-clocked sequential cell  
The clock pin INPUT_STREAM_if_U/rs/data_p2_reg[35]/C is not reached by a timing clock
Related violations: <none>

TIMING-17#184 Critical Warning
Non-clocked sequential cell  
The clock pin INPUT_STREAM_if_U/rs/data_p2_reg[36]/C is not reached by a timing clock
Related violations: <none>

TIMING-17#185 Critical Warning
Non-clocked sequential cell  
The clock pin INPUT_STREAM_if_U/rs/data_p2_reg[37]/C is not reached by a timing clock
Related violations: <none>

TIMING-17#186 Critical Warning
Non-clocked sequential cell  
The clock pin INPUT_STREAM_if_U/rs/data_p2_reg[38]/C is not reached by a timing clock
Related violations: <none>

TIMING-17#187 Critical Warning
Non-clocked sequential cell  
The clock pin INPUT_STREAM_if_U/rs/data_p2_reg[39]/C is not reached by a timing clock
Related violations: <none>

TIMING-17#188 Critical Warning
Non-clocked sequential cell  
The clock pin INPUT_STREAM_if_U/rs/data_p2_reg[3]/C is not reached by a timing clock
Related violations: <none>

TIMING-17#189 Critical Warning
Non-clocked sequential cell  
The clock pin INPUT_STREAM_if_U/rs/data_p2_reg[40]/C is not reached by a timing clock
Related violations: <none>

TIMING-17#190 Critical Warning
Non-clocked sequential cell  
The clock pin INPUT_STREAM_if_U/rs/data_p2_reg[41]/C is not reached by a timing clock
Related violations: <none>

TIMING-17#191 Critical Warning
Non-clocked sequential cell  
The clock pin INPUT_STREAM_if_U/rs/data_p2_reg[42]/C is not reached by a timing clock
Related violations: <none>

TIMING-17#192 Critical Warning
Non-clocked sequential cell  
The clock pin INPUT_STREAM_if_U/rs/data_p2_reg[43]/C is not reached by a timing clock
Related violations: <none>

TIMING-17#193 Critical Warning
Non-clocked sequential cell  
The clock pin INPUT_STREAM_if_U/rs/data_p2_reg[44]/C is not reached by a timing clock
Related violations: <none>

TIMING-17#194 Critical Warning
Non-clocked sequential cell  
The clock pin INPUT_STREAM_if_U/rs/data_p2_reg[45]/C is not reached by a timing clock
Related violations: <none>

TIMING-17#195 Critical Warning
Non-clocked sequential cell  
The clock pin INPUT_STREAM_if_U/rs/data_p2_reg[46]/C is not reached by a timing clock
Related violations: <none>

TIMING-17#196 Critical Warning
Non-clocked sequential cell  
The clock pin INPUT_STREAM_if_U/rs/data_p2_reg[47]/C is not reached by a timing clock
Related violations: <none>

TIMING-17#197 Critical Warning
Non-clocked sequential cell  
The clock pin INPUT_STREAM_if_U/rs/data_p2_reg[48]/C is not reached by a timing clock
Related violations: <none>

TIMING-17#198 Critical Warning
Non-clocked sequential cell  
The clock pin INPUT_STREAM_if_U/rs/data_p2_reg[49]/C is not reached by a timing clock
Related violations: <none>

TIMING-17#199 Critical Warning
Non-clocked sequential cell  
The clock pin INPUT_STREAM_if_U/rs/data_p2_reg[4]/C is not reached by a timing clock
Related violations: <none>

TIMING-17#200 Critical Warning
Non-clocked sequential cell  
The clock pin INPUT_STREAM_if_U/rs/data_p2_reg[50]/C is not reached by a timing clock
Related violations: <none>

TIMING-17#201 Critical Warning
Non-clocked sequential cell  
The clock pin INPUT_STREAM_if_U/rs/data_p2_reg[51]/C is not reached by a timing clock
Related violations: <none>

TIMING-17#202 Critical Warning
Non-clocked sequential cell  
The clock pin INPUT_STREAM_if_U/rs/data_p2_reg[52]/C is not reached by a timing clock
Related violations: <none>

TIMING-17#203 Critical Warning
Non-clocked sequential cell  
The clock pin INPUT_STREAM_if_U/rs/data_p2_reg[53]/C is not reached by a timing clock
Related violations: <none>

TIMING-17#204 Critical Warning
Non-clocked sequential cell  
The clock pin INPUT_STREAM_if_U/rs/data_p2_reg[54]/C is not reached by a timing clock
Related violations: <none>

TIMING-17#205 Critical Warning
Non-clocked sequential cell  
The clock pin INPUT_STREAM_if_U/rs/data_p2_reg[55]/C is not reached by a timing clock
Related violations: <none>

TIMING-17#206 Critical Warning
Non-clocked sequential cell  
The clock pin INPUT_STREAM_if_U/rs/data_p2_reg[56]/C is not reached by a timing clock
Related violations: <none>

TIMING-17#207 Critical Warning
Non-clocked sequential cell  
The clock pin INPUT_STREAM_if_U/rs/data_p2_reg[57]/C is not reached by a timing clock
Related violations: <none>

TIMING-17#208 Critical Warning
Non-clocked sequential cell  
The clock pin INPUT_STREAM_if_U/rs/data_p2_reg[58]/C is not reached by a timing clock
Related violations: <none>

TIMING-17#209 Critical Warning
Non-clocked sequential cell  
The clock pin INPUT_STREAM_if_U/rs/data_p2_reg[59]/C is not reached by a timing clock
Related violations: <none>

TIMING-17#210 Critical Warning
Non-clocked sequential cell  
The clock pin INPUT_STREAM_if_U/rs/data_p2_reg[5]/C is not reached by a timing clock
Related violations: <none>

TIMING-17#211 Critical Warning
Non-clocked sequential cell  
The clock pin INPUT_STREAM_if_U/rs/data_p2_reg[60]/C is not reached by a timing clock
Related violations: <none>

TIMING-17#212 Critical Warning
Non-clocked sequential cell  
The clock pin INPUT_STREAM_if_U/rs/data_p2_reg[61]/C is not reached by a timing clock
Related violations: <none>

TIMING-17#213 Critical Warning
Non-clocked sequential cell  
The clock pin INPUT_STREAM_if_U/rs/data_p2_reg[62]/C is not reached by a timing clock
Related violations: <none>

TIMING-17#214 Critical Warning
Non-clocked sequential cell  
The clock pin INPUT_STREAM_if_U/rs/data_p2_reg[63]/C is not reached by a timing clock
Related violations: <none>

TIMING-17#215 Critical Warning
Non-clocked sequential cell  
The clock pin INPUT_STREAM_if_U/rs/data_p2_reg[64]/C is not reached by a timing clock
Related violations: <none>

TIMING-17#216 Critical Warning
Non-clocked sequential cell  
The clock pin INPUT_STREAM_if_U/rs/data_p2_reg[65]/C is not reached by a timing clock
Related violations: <none>

TIMING-17#217 Critical Warning
Non-clocked sequential cell  
The clock pin INPUT_STREAM_if_U/rs/data_p2_reg[66]/C is not reached by a timing clock
Related violations: <none>

TIMING-17#218 Critical Warning
Non-clocked sequential cell  
The clock pin INPUT_STREAM_if_U/rs/data_p2_reg[67]/C is not reached by a timing clock
Related violations: <none>

TIMING-17#219 Critical Warning
Non-clocked sequential cell  
The clock pin INPUT_STREAM_if_U/rs/data_p2_reg[68]/C is not reached by a timing clock
Related violations: <none>

TIMING-17#220 Critical Warning
Non-clocked sequential cell  
The clock pin INPUT_STREAM_if_U/rs/data_p2_reg[69]/C is not reached by a timing clock
Related violations: <none>

TIMING-17#221 Critical Warning
Non-clocked sequential cell  
The clock pin INPUT_STREAM_if_U/rs/data_p2_reg[6]/C is not reached by a timing clock
Related violations: <none>

TIMING-17#222 Critical Warning
Non-clocked sequential cell  
The clock pin INPUT_STREAM_if_U/rs/data_p2_reg[70]/C is not reached by a timing clock
Related violations: <none>

TIMING-17#223 Critical Warning
Non-clocked sequential cell  
The clock pin INPUT_STREAM_if_U/rs/data_p2_reg[71]/C is not reached by a timing clock
Related violations: <none>

TIMING-17#224 Critical Warning
Non-clocked sequential cell  
The clock pin INPUT_STREAM_if_U/rs/data_p2_reg[72]/C is not reached by a timing clock
Related violations: <none>

TIMING-17#225 Critical Warning
Non-clocked sequential cell  
The clock pin INPUT_STREAM_if_U/rs/data_p2_reg[7]/C is not reached by a timing clock
Related violations: <none>

TIMING-17#226 Critical Warning
Non-clocked sequential cell  
The clock pin INPUT_STREAM_if_U/rs/data_p2_reg[8]/C is not reached by a timing clock
Related violations: <none>

TIMING-17#227 Critical Warning
Non-clocked sequential cell  
The clock pin INPUT_STREAM_if_U/rs/data_p2_reg[9]/C is not reached by a timing clock
Related violations: <none>

TIMING-17#228 Critical Warning
Non-clocked sequential cell  
The clock pin INPUT_STREAM_if_U/rs/s_ready_t_reg/C is not reached by a timing clock
Related violations: <none>

TIMING-17#229 Critical Warning
Non-clocked sequential cell  
The clock pin INPUT_STREAM_if_U/rs/state_reg[0]/C is not reached by a timing clock
Related violations: <none>

TIMING-17#230 Critical Warning
Non-clocked sequential cell  
The clock pin INPUT_STREAM_if_U/rs/state_reg[1]/C is not reached by a timing clock
Related violations: <none>

TIMING-17#231 Critical Warning
Non-clocked sequential cell  
The clock pin OUTPUT_STREAM_if_U/osif_fifo/empty_reg/C is not reached by a timing clock
Related violations: <none>

TIMING-17#232 Critical Warning
Non-clocked sequential cell  
The clock pin OUTPUT_STREAM_if_U/osif_fifo/full_reg/C is not reached by a timing clock
Related violations: <none>

TIMING-17#233 Critical Warning
Non-clocked sequential cell  
The clock pin OUTPUT_STREAM_if_U/osif_fifo/gen_sr[15].mem_reg[15][0]_srl16/CLK is not reached by a timing clock
Related violations: <none>

TIMING-17#234 Critical Warning
Non-clocked sequential cell  
The clock pin OUTPUT_STREAM_if_U/osif_fifo/gen_sr[15].mem_reg[15][10]_srl16/CLK is not reached by a timing clock
Related violations: <none>

TIMING-17#235 Critical Warning
Non-clocked sequential cell  
The clock pin OUTPUT_STREAM_if_U/osif_fifo/gen_sr[15].mem_reg[15][11]_srl16/CLK is not reached by a timing clock
Related violations: <none>

TIMING-17#236 Critical Warning
Non-clocked sequential cell  
The clock pin OUTPUT_STREAM_if_U/osif_fifo/gen_sr[15].mem_reg[15][12]_srl16/CLK is not reached by a timing clock
Related violations: <none>

TIMING-17#237 Critical Warning
Non-clocked sequential cell  
The clock pin OUTPUT_STREAM_if_U/osif_fifo/gen_sr[15].mem_reg[15][13]_srl16/CLK is not reached by a timing clock
Related violations: <none>

TIMING-17#238 Critical Warning
Non-clocked sequential cell  
The clock pin OUTPUT_STREAM_if_U/osif_fifo/gen_sr[15].mem_reg[15][14]_srl16/CLK is not reached by a timing clock
Related violations: <none>

TIMING-17#239 Critical Warning
Non-clocked sequential cell  
The clock pin OUTPUT_STREAM_if_U/osif_fifo/gen_sr[15].mem_reg[15][15]_srl16/CLK is not reached by a timing clock
Related violations: <none>

TIMING-17#240 Critical Warning
Non-clocked sequential cell  
The clock pin OUTPUT_STREAM_if_U/osif_fifo/gen_sr[15].mem_reg[15][16]_srl16/CLK is not reached by a timing clock
Related violations: <none>

TIMING-17#241 Critical Warning
Non-clocked sequential cell  
The clock pin OUTPUT_STREAM_if_U/osif_fifo/gen_sr[15].mem_reg[15][17]_srl16/CLK is not reached by a timing clock
Related violations: <none>

TIMING-17#242 Critical Warning
Non-clocked sequential cell  
The clock pin OUTPUT_STREAM_if_U/osif_fifo/gen_sr[15].mem_reg[15][18]_srl16/CLK is not reached by a timing clock
Related violations: <none>

TIMING-17#243 Critical Warning
Non-clocked sequential cell  
The clock pin OUTPUT_STREAM_if_U/osif_fifo/gen_sr[15].mem_reg[15][19]_srl16/CLK is not reached by a timing clock
Related violations: <none>

TIMING-17#244 Critical Warning
Non-clocked sequential cell  
The clock pin OUTPUT_STREAM_if_U/osif_fifo/gen_sr[15].mem_reg[15][1]_srl16/CLK is not reached by a timing clock
Related violations: <none>

TIMING-17#245 Critical Warning
Non-clocked sequential cell  
The clock pin OUTPUT_STREAM_if_U/osif_fifo/gen_sr[15].mem_reg[15][20]_srl16/CLK is not reached by a timing clock
Related violations: <none>

TIMING-17#246 Critical Warning
Non-clocked sequential cell  
The clock pin OUTPUT_STREAM_if_U/osif_fifo/gen_sr[15].mem_reg[15][21]_srl16/CLK is not reached by a timing clock
Related violations: <none>

TIMING-17#247 Critical Warning
Non-clocked sequential cell  
The clock pin OUTPUT_STREAM_if_U/osif_fifo/gen_sr[15].mem_reg[15][22]_srl16/CLK is not reached by a timing clock
Related violations: <none>

TIMING-17#248 Critical Warning
Non-clocked sequential cell  
The clock pin OUTPUT_STREAM_if_U/osif_fifo/gen_sr[15].mem_reg[15][23]_srl16/CLK is not reached by a timing clock
Related violations: <none>

TIMING-17#249 Critical Warning
Non-clocked sequential cell  
The clock pin OUTPUT_STREAM_if_U/osif_fifo/gen_sr[15].mem_reg[15][24]_srl16/CLK is not reached by a timing clock
Related violations: <none>

TIMING-17#250 Critical Warning
Non-clocked sequential cell  
The clock pin OUTPUT_STREAM_if_U/osif_fifo/gen_sr[15].mem_reg[15][25]_srl16/CLK is not reached by a timing clock
Related violations: <none>

TIMING-17#251 Critical Warning
Non-clocked sequential cell  
The clock pin OUTPUT_STREAM_if_U/osif_fifo/gen_sr[15].mem_reg[15][26]_srl16/CLK is not reached by a timing clock
Related violations: <none>

TIMING-17#252 Critical Warning
Non-clocked sequential cell  
The clock pin OUTPUT_STREAM_if_U/osif_fifo/gen_sr[15].mem_reg[15][27]_srl16/CLK is not reached by a timing clock
Related violations: <none>

TIMING-17#253 Critical Warning
Non-clocked sequential cell  
The clock pin OUTPUT_STREAM_if_U/osif_fifo/gen_sr[15].mem_reg[15][28]_srl16/CLK is not reached by a timing clock
Related violations: <none>

TIMING-17#254 Critical Warning
Non-clocked sequential cell  
The clock pin OUTPUT_STREAM_if_U/osif_fifo/gen_sr[15].mem_reg[15][29]_srl16/CLK is not reached by a timing clock
Related violations: <none>

TIMING-17#255 Critical Warning
Non-clocked sequential cell  
The clock pin OUTPUT_STREAM_if_U/osif_fifo/gen_sr[15].mem_reg[15][2]_srl16/CLK is not reached by a timing clock
Related violations: <none>

TIMING-17#256 Critical Warning
Non-clocked sequential cell  
The clock pin OUTPUT_STREAM_if_U/osif_fifo/gen_sr[15].mem_reg[15][30]_srl16/CLK is not reached by a timing clock
Related violations: <none>

TIMING-17#257 Critical Warning
Non-clocked sequential cell  
The clock pin OUTPUT_STREAM_if_U/osif_fifo/gen_sr[15].mem_reg[15][31]_srl16/CLK is not reached by a timing clock
Related violations: <none>

TIMING-17#258 Critical Warning
Non-clocked sequential cell  
The clock pin OUTPUT_STREAM_if_U/osif_fifo/gen_sr[15].mem_reg[15][32]_srl16/CLK is not reached by a timing clock
Related violations: <none>

TIMING-17#259 Critical Warning
Non-clocked sequential cell  
The clock pin OUTPUT_STREAM_if_U/osif_fifo/gen_sr[15].mem_reg[15][33]_srl16/CLK is not reached by a timing clock
Related violations: <none>

TIMING-17#260 Critical Warning
Non-clocked sequential cell  
The clock pin OUTPUT_STREAM_if_U/osif_fifo/gen_sr[15].mem_reg[15][34]_srl16/CLK is not reached by a timing clock
Related violations: <none>

TIMING-17#261 Critical Warning
Non-clocked sequential cell  
The clock pin OUTPUT_STREAM_if_U/osif_fifo/gen_sr[15].mem_reg[15][35]_srl16/CLK is not reached by a timing clock
Related violations: <none>

TIMING-17#262 Critical Warning
Non-clocked sequential cell  
The clock pin OUTPUT_STREAM_if_U/osif_fifo/gen_sr[15].mem_reg[15][36]_srl16/CLK is not reached by a timing clock
Related violations: <none>

TIMING-17#263 Critical Warning
Non-clocked sequential cell  
The clock pin OUTPUT_STREAM_if_U/osif_fifo/gen_sr[15].mem_reg[15][37]_srl16/CLK is not reached by a timing clock
Related violations: <none>

TIMING-17#264 Critical Warning
Non-clocked sequential cell  
The clock pin OUTPUT_STREAM_if_U/osif_fifo/gen_sr[15].mem_reg[15][38]_srl16/CLK is not reached by a timing clock
Related violations: <none>

TIMING-17#265 Critical Warning
Non-clocked sequential cell  
The clock pin OUTPUT_STREAM_if_U/osif_fifo/gen_sr[15].mem_reg[15][39]_srl16/CLK is not reached by a timing clock
Related violations: <none>

TIMING-17#266 Critical Warning
Non-clocked sequential cell  
The clock pin OUTPUT_STREAM_if_U/osif_fifo/gen_sr[15].mem_reg[15][3]_srl16/CLK is not reached by a timing clock
Related violations: <none>

TIMING-17#267 Critical Warning
Non-clocked sequential cell  
The clock pin OUTPUT_STREAM_if_U/osif_fifo/gen_sr[15].mem_reg[15][40]_srl16/CLK is not reached by a timing clock
Related violations: <none>

TIMING-17#268 Critical Warning
Non-clocked sequential cell  
The clock pin OUTPUT_STREAM_if_U/osif_fifo/gen_sr[15].mem_reg[15][41]_srl16/CLK is not reached by a timing clock
Related violations: <none>

TIMING-17#269 Critical Warning
Non-clocked sequential cell  
The clock pin OUTPUT_STREAM_if_U/osif_fifo/gen_sr[15].mem_reg[15][42]_srl16/CLK is not reached by a timing clock
Related violations: <none>

TIMING-17#270 Critical Warning
Non-clocked sequential cell  
The clock pin OUTPUT_STREAM_if_U/osif_fifo/gen_sr[15].mem_reg[15][43]_srl16/CLK is not reached by a timing clock
Related violations: <none>

TIMING-17#271 Critical Warning
Non-clocked sequential cell  
The clock pin OUTPUT_STREAM_if_U/osif_fifo/gen_sr[15].mem_reg[15][44]_srl16/CLK is not reached by a timing clock
Related violations: <none>

TIMING-17#272 Critical Warning
Non-clocked sequential cell  
The clock pin OUTPUT_STREAM_if_U/osif_fifo/gen_sr[15].mem_reg[15][45]_srl16/CLK is not reached by a timing clock
Related violations: <none>

TIMING-17#273 Critical Warning
Non-clocked sequential cell  
The clock pin OUTPUT_STREAM_if_U/osif_fifo/gen_sr[15].mem_reg[15][46]_srl16/CLK is not reached by a timing clock
Related violations: <none>

TIMING-17#274 Critical Warning
Non-clocked sequential cell  
The clock pin OUTPUT_STREAM_if_U/osif_fifo/gen_sr[15].mem_reg[15][47]_srl16/CLK is not reached by a timing clock
Related violations: <none>

TIMING-17#275 Critical Warning
Non-clocked sequential cell  
The clock pin OUTPUT_STREAM_if_U/osif_fifo/gen_sr[15].mem_reg[15][48]_srl16/CLK is not reached by a timing clock
Related violations: <none>

TIMING-17#276 Critical Warning
Non-clocked sequential cell  
The clock pin OUTPUT_STREAM_if_U/osif_fifo/gen_sr[15].mem_reg[15][49]_srl16/CLK is not reached by a timing clock
Related violations: <none>

TIMING-17#277 Critical Warning
Non-clocked sequential cell  
The clock pin OUTPUT_STREAM_if_U/osif_fifo/gen_sr[15].mem_reg[15][4]_srl16/CLK is not reached by a timing clock
Related violations: <none>

TIMING-17#278 Critical Warning
Non-clocked sequential cell  
The clock pin OUTPUT_STREAM_if_U/osif_fifo/gen_sr[15].mem_reg[15][50]_srl16/CLK is not reached by a timing clock
Related violations: <none>

TIMING-17#279 Critical Warning
Non-clocked sequential cell  
The clock pin OUTPUT_STREAM_if_U/osif_fifo/gen_sr[15].mem_reg[15][51]_srl16/CLK is not reached by a timing clock
Related violations: <none>

TIMING-17#280 Critical Warning
Non-clocked sequential cell  
The clock pin OUTPUT_STREAM_if_U/osif_fifo/gen_sr[15].mem_reg[15][52]_srl16/CLK is not reached by a timing clock
Related violations: <none>

TIMING-17#281 Critical Warning
Non-clocked sequential cell  
The clock pin OUTPUT_STREAM_if_U/osif_fifo/gen_sr[15].mem_reg[15][53]_srl16/CLK is not reached by a timing clock
Related violations: <none>

TIMING-17#282 Critical Warning
Non-clocked sequential cell  
The clock pin OUTPUT_STREAM_if_U/osif_fifo/gen_sr[15].mem_reg[15][54]_srl16/CLK is not reached by a timing clock
Related violations: <none>

TIMING-17#283 Critical Warning
Non-clocked sequential cell  
The clock pin OUTPUT_STREAM_if_U/osif_fifo/gen_sr[15].mem_reg[15][55]_srl16/CLK is not reached by a timing clock
Related violations: <none>

TIMING-17#284 Critical Warning
Non-clocked sequential cell  
The clock pin OUTPUT_STREAM_if_U/osif_fifo/gen_sr[15].mem_reg[15][56]_srl16/CLK is not reached by a timing clock
Related violations: <none>

TIMING-17#285 Critical Warning
Non-clocked sequential cell  
The clock pin OUTPUT_STREAM_if_U/osif_fifo/gen_sr[15].mem_reg[15][57]_srl16/CLK is not reached by a timing clock
Related violations: <none>

TIMING-17#286 Critical Warning
Non-clocked sequential cell  
The clock pin OUTPUT_STREAM_if_U/osif_fifo/gen_sr[15].mem_reg[15][58]_srl16/CLK is not reached by a timing clock
Related violations: <none>

TIMING-17#287 Critical Warning
Non-clocked sequential cell  
The clock pin OUTPUT_STREAM_if_U/osif_fifo/gen_sr[15].mem_reg[15][59]_srl16/CLK is not reached by a timing clock
Related violations: <none>

TIMING-17#288 Critical Warning
Non-clocked sequential cell  
The clock pin OUTPUT_STREAM_if_U/osif_fifo/gen_sr[15].mem_reg[15][5]_srl16/CLK is not reached by a timing clock
Related violations: <none>

TIMING-17#289 Critical Warning
Non-clocked sequential cell  
The clock pin OUTPUT_STREAM_if_U/osif_fifo/gen_sr[15].mem_reg[15][60]_srl16/CLK is not reached by a timing clock
Related violations: <none>

TIMING-17#290 Critical Warning
Non-clocked sequential cell  
The clock pin OUTPUT_STREAM_if_U/osif_fifo/gen_sr[15].mem_reg[15][61]_srl16/CLK is not reached by a timing clock
Related violations: <none>

TIMING-17#291 Critical Warning
Non-clocked sequential cell  
The clock pin OUTPUT_STREAM_if_U/osif_fifo/gen_sr[15].mem_reg[15][62]_srl16/CLK is not reached by a timing clock
Related violations: <none>

TIMING-17#292 Critical Warning
Non-clocked sequential cell  
The clock pin OUTPUT_STREAM_if_U/osif_fifo/gen_sr[15].mem_reg[15][63]_srl16/CLK is not reached by a timing clock
Related violations: <none>

TIMING-17#293 Critical Warning
Non-clocked sequential cell  
The clock pin OUTPUT_STREAM_if_U/osif_fifo/gen_sr[15].mem_reg[15][64]_srl16/CLK is not reached by a timing clock
Related violations: <none>

TIMING-17#294 Critical Warning
Non-clocked sequential cell  
The clock pin OUTPUT_STREAM_if_U/osif_fifo/gen_sr[15].mem_reg[15][65]_srl16/CLK is not reached by a timing clock
Related violations: <none>

TIMING-17#295 Critical Warning
Non-clocked sequential cell  
The clock pin OUTPUT_STREAM_if_U/osif_fifo/gen_sr[15].mem_reg[15][66]_srl16/CLK is not reached by a timing clock
Related violations: <none>

TIMING-17#296 Critical Warning
Non-clocked sequential cell  
The clock pin OUTPUT_STREAM_if_U/osif_fifo/gen_sr[15].mem_reg[15][67]_srl16/CLK is not reached by a timing clock
Related violations: <none>

TIMING-17#297 Critical Warning
Non-clocked sequential cell  
The clock pin OUTPUT_STREAM_if_U/osif_fifo/gen_sr[15].mem_reg[15][68]_srl16/CLK is not reached by a timing clock
Related violations: <none>

TIMING-17#298 Critical Warning
Non-clocked sequential cell  
The clock pin OUTPUT_STREAM_if_U/osif_fifo/gen_sr[15].mem_reg[15][69]_srl16/CLK is not reached by a timing clock
Related violations: <none>

TIMING-17#299 Critical Warning
Non-clocked sequential cell  
The clock pin OUTPUT_STREAM_if_U/osif_fifo/gen_sr[15].mem_reg[15][6]_srl16/CLK is not reached by a timing clock
Related violations: <none>

TIMING-17#300 Critical Warning
Non-clocked sequential cell  
The clock pin OUTPUT_STREAM_if_U/osif_fifo/gen_sr[15].mem_reg[15][70]_srl16/CLK is not reached by a timing clock
Related violations: <none>

TIMING-17#301 Critical Warning
Non-clocked sequential cell  
The clock pin OUTPUT_STREAM_if_U/osif_fifo/gen_sr[15].mem_reg[15][71]_srl16/CLK is not reached by a timing clock
Related violations: <none>

TIMING-17#302 Critical Warning
Non-clocked sequential cell  
The clock pin OUTPUT_STREAM_if_U/osif_fifo/gen_sr[15].mem_reg[15][72]_srl16/CLK is not reached by a timing clock
Related violations: <none>

TIMING-17#303 Critical Warning
Non-clocked sequential cell  
The clock pin OUTPUT_STREAM_if_U/osif_fifo/gen_sr[15].mem_reg[15][7]_srl16/CLK is not reached by a timing clock
Related violations: <none>

TIMING-17#304 Critical Warning
Non-clocked sequential cell  
The clock pin OUTPUT_STREAM_if_U/osif_fifo/gen_sr[15].mem_reg[15][8]_srl16/CLK is not reached by a timing clock
Related violations: <none>

TIMING-17#305 Critical Warning
Non-clocked sequential cell  
The clock pin OUTPUT_STREAM_if_U/osif_fifo/gen_sr[15].mem_reg[15][9]_srl16/CLK is not reached by a timing clock
Related violations: <none>

TIMING-17#306 Critical Warning
Non-clocked sequential cell  
The clock pin OUTPUT_STREAM_if_U/osif_fifo/index_reg[0]/C is not reached by a timing clock
Related violations: <none>

TIMING-17#307 Critical Warning
Non-clocked sequential cell  
The clock pin OUTPUT_STREAM_if_U/osif_fifo/index_reg[1]/C is not reached by a timing clock
Related violations: <none>

TIMING-17#308 Critical Warning
Non-clocked sequential cell  
The clock pin OUTPUT_STREAM_if_U/osif_fifo/index_reg[2]/C is not reached by a timing clock
Related violations: <none>

TIMING-17#309 Critical Warning
Non-clocked sequential cell  
The clock pin OUTPUT_STREAM_if_U/osif_fifo/index_reg[3]/C is not reached by a timing clock
Related violations: <none>

TIMING-17#310 Critical Warning
Non-clocked sequential cell  
The clock pin OUTPUT_STREAM_if_U/rs/FSM_sequential_state_reg[0]/C is not reached by a timing clock
Related violations: <none>

TIMING-17#311 Critical Warning
Non-clocked sequential cell  
The clock pin OUTPUT_STREAM_if_U/rs/FSM_sequential_state_reg[1]/C is not reached by a timing clock
Related violations: <none>

TIMING-17#312 Critical Warning
Non-clocked sequential cell  
The clock pin OUTPUT_STREAM_if_U/rs/data_p1_reg[0]/C is not reached by a timing clock
Related violations: <none>

TIMING-17#313 Critical Warning
Non-clocked sequential cell  
The clock pin OUTPUT_STREAM_if_U/rs/data_p1_reg[10]/C is not reached by a timing clock
Related violations: <none>

TIMING-17#314 Critical Warning
Non-clocked sequential cell  
The clock pin OUTPUT_STREAM_if_U/rs/data_p1_reg[11]/C is not reached by a timing clock
Related violations: <none>

TIMING-17#315 Critical Warning
Non-clocked sequential cell  
The clock pin OUTPUT_STREAM_if_U/rs/data_p1_reg[12]/C is not reached by a timing clock
Related violations: <none>

TIMING-17#316 Critical Warning
Non-clocked sequential cell  
The clock pin OUTPUT_STREAM_if_U/rs/data_p1_reg[13]/C is not reached by a timing clock
Related violations: <none>

TIMING-17#317 Critical Warning
Non-clocked sequential cell  
The clock pin OUTPUT_STREAM_if_U/rs/data_p1_reg[14]/C is not reached by a timing clock
Related violations: <none>

TIMING-17#318 Critical Warning
Non-clocked sequential cell  
The clock pin OUTPUT_STREAM_if_U/rs/data_p1_reg[15]/C is not reached by a timing clock
Related violations: <none>

TIMING-17#319 Critical Warning
Non-clocked sequential cell  
The clock pin OUTPUT_STREAM_if_U/rs/data_p1_reg[16]/C is not reached by a timing clock
Related violations: <none>

TIMING-17#320 Critical Warning
Non-clocked sequential cell  
The clock pin OUTPUT_STREAM_if_U/rs/data_p1_reg[17]/C is not reached by a timing clock
Related violations: <none>

TIMING-17#321 Critical Warning
Non-clocked sequential cell  
The clock pin OUTPUT_STREAM_if_U/rs/data_p1_reg[18]/C is not reached by a timing clock
Related violations: <none>

TIMING-17#322 Critical Warning
Non-clocked sequential cell  
The clock pin OUTPUT_STREAM_if_U/rs/data_p1_reg[19]/C is not reached by a timing clock
Related violations: <none>

TIMING-17#323 Critical Warning
Non-clocked sequential cell  
The clock pin OUTPUT_STREAM_if_U/rs/data_p1_reg[1]/C is not reached by a timing clock
Related violations: <none>

TIMING-17#324 Critical Warning
Non-clocked sequential cell  
The clock pin OUTPUT_STREAM_if_U/rs/data_p1_reg[20]/C is not reached by a timing clock
Related violations: <none>

TIMING-17#325 Critical Warning
Non-clocked sequential cell  
The clock pin OUTPUT_STREAM_if_U/rs/data_p1_reg[21]/C is not reached by a timing clock
Related violations: <none>

TIMING-17#326 Critical Warning
Non-clocked sequential cell  
The clock pin OUTPUT_STREAM_if_U/rs/data_p1_reg[22]/C is not reached by a timing clock
Related violations: <none>

TIMING-17#327 Critical Warning
Non-clocked sequential cell  
The clock pin OUTPUT_STREAM_if_U/rs/data_p1_reg[23]/C is not reached by a timing clock
Related violations: <none>

TIMING-17#328 Critical Warning
Non-clocked sequential cell  
The clock pin OUTPUT_STREAM_if_U/rs/data_p1_reg[24]/C is not reached by a timing clock
Related violations: <none>

TIMING-17#329 Critical Warning
Non-clocked sequential cell  
The clock pin OUTPUT_STREAM_if_U/rs/data_p1_reg[25]/C is not reached by a timing clock
Related violations: <none>

TIMING-17#330 Critical Warning
Non-clocked sequential cell  
The clock pin OUTPUT_STREAM_if_U/rs/data_p1_reg[26]/C is not reached by a timing clock
Related violations: <none>

TIMING-17#331 Critical Warning
Non-clocked sequential cell  
The clock pin OUTPUT_STREAM_if_U/rs/data_p1_reg[27]/C is not reached by a timing clock
Related violations: <none>

TIMING-17#332 Critical Warning
Non-clocked sequential cell  
The clock pin OUTPUT_STREAM_if_U/rs/data_p1_reg[28]/C is not reached by a timing clock
Related violations: <none>

TIMING-17#333 Critical Warning
Non-clocked sequential cell  
The clock pin OUTPUT_STREAM_if_U/rs/data_p1_reg[29]/C is not reached by a timing clock
Related violations: <none>

TIMING-17#334 Critical Warning
Non-clocked sequential cell  
The clock pin OUTPUT_STREAM_if_U/rs/data_p1_reg[2]/C is not reached by a timing clock
Related violations: <none>

TIMING-17#335 Critical Warning
Non-clocked sequential cell  
The clock pin OUTPUT_STREAM_if_U/rs/data_p1_reg[30]/C is not reached by a timing clock
Related violations: <none>

TIMING-17#336 Critical Warning
Non-clocked sequential cell  
The clock pin OUTPUT_STREAM_if_U/rs/data_p1_reg[31]/C is not reached by a timing clock
Related violations: <none>

TIMING-17#337 Critical Warning
Non-clocked sequential cell  
The clock pin OUTPUT_STREAM_if_U/rs/data_p1_reg[32]/C is not reached by a timing clock
Related violations: <none>

TIMING-17#338 Critical Warning
Non-clocked sequential cell  
The clock pin OUTPUT_STREAM_if_U/rs/data_p1_reg[33]/C is not reached by a timing clock
Related violations: <none>

TIMING-17#339 Critical Warning
Non-clocked sequential cell  
The clock pin OUTPUT_STREAM_if_U/rs/data_p1_reg[34]/C is not reached by a timing clock
Related violations: <none>

TIMING-17#340 Critical Warning
Non-clocked sequential cell  
The clock pin OUTPUT_STREAM_if_U/rs/data_p1_reg[35]/C is not reached by a timing clock
Related violations: <none>

TIMING-17#341 Critical Warning
Non-clocked sequential cell  
The clock pin OUTPUT_STREAM_if_U/rs/data_p1_reg[36]/C is not reached by a timing clock
Related violations: <none>

TIMING-17#342 Critical Warning
Non-clocked sequential cell  
The clock pin OUTPUT_STREAM_if_U/rs/data_p1_reg[37]/C is not reached by a timing clock
Related violations: <none>

TIMING-17#343 Critical Warning
Non-clocked sequential cell  
The clock pin OUTPUT_STREAM_if_U/rs/data_p1_reg[38]/C is not reached by a timing clock
Related violations: <none>

TIMING-17#344 Critical Warning
Non-clocked sequential cell  
The clock pin OUTPUT_STREAM_if_U/rs/data_p1_reg[39]/C is not reached by a timing clock
Related violations: <none>

TIMING-17#345 Critical Warning
Non-clocked sequential cell  
The clock pin OUTPUT_STREAM_if_U/rs/data_p1_reg[3]/C is not reached by a timing clock
Related violations: <none>

TIMING-17#346 Critical Warning
Non-clocked sequential cell  
The clock pin OUTPUT_STREAM_if_U/rs/data_p1_reg[40]/C is not reached by a timing clock
Related violations: <none>

TIMING-17#347 Critical Warning
Non-clocked sequential cell  
The clock pin OUTPUT_STREAM_if_U/rs/data_p1_reg[41]/C is not reached by a timing clock
Related violations: <none>

TIMING-17#348 Critical Warning
Non-clocked sequential cell  
The clock pin OUTPUT_STREAM_if_U/rs/data_p1_reg[42]/C is not reached by a timing clock
Related violations: <none>

TIMING-17#349 Critical Warning
Non-clocked sequential cell  
The clock pin OUTPUT_STREAM_if_U/rs/data_p1_reg[43]/C is not reached by a timing clock
Related violations: <none>

TIMING-17#350 Critical Warning
Non-clocked sequential cell  
The clock pin OUTPUT_STREAM_if_U/rs/data_p1_reg[44]/C is not reached by a timing clock
Related violations: <none>

TIMING-17#351 Critical Warning
Non-clocked sequential cell  
The clock pin OUTPUT_STREAM_if_U/rs/data_p1_reg[45]/C is not reached by a timing clock
Related violations: <none>

TIMING-17#352 Critical Warning
Non-clocked sequential cell  
The clock pin OUTPUT_STREAM_if_U/rs/data_p1_reg[46]/C is not reached by a timing clock
Related violations: <none>

TIMING-17#353 Critical Warning
Non-clocked sequential cell  
The clock pin OUTPUT_STREAM_if_U/rs/data_p1_reg[47]/C is not reached by a timing clock
Related violations: <none>

TIMING-17#354 Critical Warning
Non-clocked sequential cell  
The clock pin OUTPUT_STREAM_if_U/rs/data_p1_reg[48]/C is not reached by a timing clock
Related violations: <none>

TIMING-17#355 Critical Warning
Non-clocked sequential cell  
The clock pin OUTPUT_STREAM_if_U/rs/data_p1_reg[49]/C is not reached by a timing clock
Related violations: <none>

TIMING-17#356 Critical Warning
Non-clocked sequential cell  
The clock pin OUTPUT_STREAM_if_U/rs/data_p1_reg[4]/C is not reached by a timing clock
Related violations: <none>

TIMING-17#357 Critical Warning
Non-clocked sequential cell  
The clock pin OUTPUT_STREAM_if_U/rs/data_p1_reg[50]/C is not reached by a timing clock
Related violations: <none>

TIMING-17#358 Critical Warning
Non-clocked sequential cell  
The clock pin OUTPUT_STREAM_if_U/rs/data_p1_reg[51]/C is not reached by a timing clock
Related violations: <none>

TIMING-17#359 Critical Warning
Non-clocked sequential cell  
The clock pin OUTPUT_STREAM_if_U/rs/data_p1_reg[52]/C is not reached by a timing clock
Related violations: <none>

TIMING-17#360 Critical Warning
Non-clocked sequential cell  
The clock pin OUTPUT_STREAM_if_U/rs/data_p1_reg[53]/C is not reached by a timing clock
Related violations: <none>

TIMING-17#361 Critical Warning
Non-clocked sequential cell  
The clock pin OUTPUT_STREAM_if_U/rs/data_p1_reg[54]/C is not reached by a timing clock
Related violations: <none>

TIMING-17#362 Critical Warning
Non-clocked sequential cell  
The clock pin OUTPUT_STREAM_if_U/rs/data_p1_reg[55]/C is not reached by a timing clock
Related violations: <none>

TIMING-17#363 Critical Warning
Non-clocked sequential cell  
The clock pin OUTPUT_STREAM_if_U/rs/data_p1_reg[56]/C is not reached by a timing clock
Related violations: <none>

TIMING-17#364 Critical Warning
Non-clocked sequential cell  
The clock pin OUTPUT_STREAM_if_U/rs/data_p1_reg[57]/C is not reached by a timing clock
Related violations: <none>

TIMING-17#365 Critical Warning
Non-clocked sequential cell  
The clock pin OUTPUT_STREAM_if_U/rs/data_p1_reg[58]/C is not reached by a timing clock
Related violations: <none>

TIMING-17#366 Critical Warning
Non-clocked sequential cell  
The clock pin OUTPUT_STREAM_if_U/rs/data_p1_reg[59]/C is not reached by a timing clock
Related violations: <none>

TIMING-17#367 Critical Warning
Non-clocked sequential cell  
The clock pin OUTPUT_STREAM_if_U/rs/data_p1_reg[5]/C is not reached by a timing clock
Related violations: <none>

TIMING-17#368 Critical Warning
Non-clocked sequential cell  
The clock pin OUTPUT_STREAM_if_U/rs/data_p1_reg[60]/C is not reached by a timing clock
Related violations: <none>

TIMING-17#369 Critical Warning
Non-clocked sequential cell  
The clock pin OUTPUT_STREAM_if_U/rs/data_p1_reg[61]/C is not reached by a timing clock
Related violations: <none>

TIMING-17#370 Critical Warning
Non-clocked sequential cell  
The clock pin OUTPUT_STREAM_if_U/rs/data_p1_reg[62]/C is not reached by a timing clock
Related violations: <none>

TIMING-17#371 Critical Warning
Non-clocked sequential cell  
The clock pin OUTPUT_STREAM_if_U/rs/data_p1_reg[63]/C is not reached by a timing clock
Related violations: <none>

TIMING-17#372 Critical Warning
Non-clocked sequential cell  
The clock pin OUTPUT_STREAM_if_U/rs/data_p1_reg[64]/C is not reached by a timing clock
Related violations: <none>

TIMING-17#373 Critical Warning
Non-clocked sequential cell  
The clock pin OUTPUT_STREAM_if_U/rs/data_p1_reg[65]/C is not reached by a timing clock
Related violations: <none>

TIMING-17#374 Critical Warning
Non-clocked sequential cell  
The clock pin OUTPUT_STREAM_if_U/rs/data_p1_reg[66]/C is not reached by a timing clock
Related violations: <none>

TIMING-17#375 Critical Warning
Non-clocked sequential cell  
The clock pin OUTPUT_STREAM_if_U/rs/data_p1_reg[67]/C is not reached by a timing clock
Related violations: <none>

TIMING-17#376 Critical Warning
Non-clocked sequential cell  
The clock pin OUTPUT_STREAM_if_U/rs/data_p1_reg[68]/C is not reached by a timing clock
Related violations: <none>

TIMING-17#377 Critical Warning
Non-clocked sequential cell  
The clock pin OUTPUT_STREAM_if_U/rs/data_p1_reg[69]/C is not reached by a timing clock
Related violations: <none>

TIMING-17#378 Critical Warning
Non-clocked sequential cell  
The clock pin OUTPUT_STREAM_if_U/rs/data_p1_reg[6]/C is not reached by a timing clock
Related violations: <none>

TIMING-17#379 Critical Warning
Non-clocked sequential cell  
The clock pin OUTPUT_STREAM_if_U/rs/data_p1_reg[70]/C is not reached by a timing clock
Related violations: <none>

TIMING-17#380 Critical Warning
Non-clocked sequential cell  
The clock pin OUTPUT_STREAM_if_U/rs/data_p1_reg[71]/C is not reached by a timing clock
Related violations: <none>

TIMING-17#381 Critical Warning
Non-clocked sequential cell  
The clock pin OUTPUT_STREAM_if_U/rs/data_p1_reg[72]/C is not reached by a timing clock
Related violations: <none>

TIMING-17#382 Critical Warning
Non-clocked sequential cell  
The clock pin OUTPUT_STREAM_if_U/rs/data_p1_reg[7]/C is not reached by a timing clock
Related violations: <none>

TIMING-17#383 Critical Warning
Non-clocked sequential cell  
The clock pin OUTPUT_STREAM_if_U/rs/data_p1_reg[8]/C is not reached by a timing clock
Related violations: <none>

TIMING-17#384 Critical Warning
Non-clocked sequential cell  
The clock pin OUTPUT_STREAM_if_U/rs/data_p1_reg[9]/C is not reached by a timing clock
Related violations: <none>

TIMING-17#385 Critical Warning
Non-clocked sequential cell  
The clock pin OUTPUT_STREAM_if_U/rs/data_p2_reg[0]/C is not reached by a timing clock
Related violations: <none>

TIMING-17#386 Critical Warning
Non-clocked sequential cell  
The clock pin OUTPUT_STREAM_if_U/rs/data_p2_reg[10]/C is not reached by a timing clock
Related violations: <none>

TIMING-17#387 Critical Warning
Non-clocked sequential cell  
The clock pin OUTPUT_STREAM_if_U/rs/data_p2_reg[11]/C is not reached by a timing clock
Related violations: <none>

TIMING-17#388 Critical Warning
Non-clocked sequential cell  
The clock pin OUTPUT_STREAM_if_U/rs/data_p2_reg[12]/C is not reached by a timing clock
Related violations: <none>

TIMING-17#389 Critical Warning
Non-clocked sequential cell  
The clock pin OUTPUT_STREAM_if_U/rs/data_p2_reg[13]/C is not reached by a timing clock
Related violations: <none>

TIMING-17#390 Critical Warning
Non-clocked sequential cell  
The clock pin OUTPUT_STREAM_if_U/rs/data_p2_reg[14]/C is not reached by a timing clock
Related violations: <none>

TIMING-17#391 Critical Warning
Non-clocked sequential cell  
The clock pin OUTPUT_STREAM_if_U/rs/data_p2_reg[15]/C is not reached by a timing clock
Related violations: <none>

TIMING-17#392 Critical Warning
Non-clocked sequential cell  
The clock pin OUTPUT_STREAM_if_U/rs/data_p2_reg[16]/C is not reached by a timing clock
Related violations: <none>

TIMING-17#393 Critical Warning
Non-clocked sequential cell  
The clock pin OUTPUT_STREAM_if_U/rs/data_p2_reg[17]/C is not reached by a timing clock
Related violations: <none>

TIMING-17#394 Critical Warning
Non-clocked sequential cell  
The clock pin OUTPUT_STREAM_if_U/rs/data_p2_reg[18]/C is not reached by a timing clock
Related violations: <none>

TIMING-17#395 Critical Warning
Non-clocked sequential cell  
The clock pin OUTPUT_STREAM_if_U/rs/data_p2_reg[19]/C is not reached by a timing clock
Related violations: <none>

TIMING-17#396 Critical Warning
Non-clocked sequential cell  
The clock pin OUTPUT_STREAM_if_U/rs/data_p2_reg[1]/C is not reached by a timing clock
Related violations: <none>

TIMING-17#397 Critical Warning
Non-clocked sequential cell  
The clock pin OUTPUT_STREAM_if_U/rs/data_p2_reg[20]/C is not reached by a timing clock
Related violations: <none>

TIMING-17#398 Critical Warning
Non-clocked sequential cell  
The clock pin OUTPUT_STREAM_if_U/rs/data_p2_reg[21]/C is not reached by a timing clock
Related violations: <none>

TIMING-17#399 Critical Warning
Non-clocked sequential cell  
The clock pin OUTPUT_STREAM_if_U/rs/data_p2_reg[22]/C is not reached by a timing clock
Related violations: <none>

TIMING-17#400 Critical Warning
Non-clocked sequential cell  
The clock pin OUTPUT_STREAM_if_U/rs/data_p2_reg[23]/C is not reached by a timing clock
Related violations: <none>

TIMING-17#401 Critical Warning
Non-clocked sequential cell  
The clock pin OUTPUT_STREAM_if_U/rs/data_p2_reg[24]/C is not reached by a timing clock
Related violations: <none>

TIMING-17#402 Critical Warning
Non-clocked sequential cell  
The clock pin OUTPUT_STREAM_if_U/rs/data_p2_reg[25]/C is not reached by a timing clock
Related violations: <none>

TIMING-17#403 Critical Warning
Non-clocked sequential cell  
The clock pin OUTPUT_STREAM_if_U/rs/data_p2_reg[26]/C is not reached by a timing clock
Related violations: <none>

TIMING-17#404 Critical Warning
Non-clocked sequential cell  
The clock pin OUTPUT_STREAM_if_U/rs/data_p2_reg[27]/C is not reached by a timing clock
Related violations: <none>

TIMING-17#405 Critical Warning
Non-clocked sequential cell  
The clock pin OUTPUT_STREAM_if_U/rs/data_p2_reg[28]/C is not reached by a timing clock
Related violations: <none>

TIMING-17#406 Critical Warning
Non-clocked sequential cell  
The clock pin OUTPUT_STREAM_if_U/rs/data_p2_reg[29]/C is not reached by a timing clock
Related violations: <none>

TIMING-17#407 Critical Warning
Non-clocked sequential cell  
The clock pin OUTPUT_STREAM_if_U/rs/data_p2_reg[2]/C is not reached by a timing clock
Related violations: <none>

TIMING-17#408 Critical Warning
Non-clocked sequential cell  
The clock pin OUTPUT_STREAM_if_U/rs/data_p2_reg[30]/C is not reached by a timing clock
Related violations: <none>

TIMING-17#409 Critical Warning
Non-clocked sequential cell  
The clock pin OUTPUT_STREAM_if_U/rs/data_p2_reg[31]/C is not reached by a timing clock
Related violations: <none>

TIMING-17#410 Critical Warning
Non-clocked sequential cell  
The clock pin OUTPUT_STREAM_if_U/rs/data_p2_reg[32]/C is not reached by a timing clock
Related violations: <none>

TIMING-17#411 Critical Warning
Non-clocked sequential cell  
The clock pin OUTPUT_STREAM_if_U/rs/data_p2_reg[33]/C is not reached by a timing clock
Related violations: <none>

TIMING-17#412 Critical Warning
Non-clocked sequential cell  
The clock pin OUTPUT_STREAM_if_U/rs/data_p2_reg[34]/C is not reached by a timing clock
Related violations: <none>

TIMING-17#413 Critical Warning
Non-clocked sequential cell  
The clock pin OUTPUT_STREAM_if_U/rs/data_p2_reg[35]/C is not reached by a timing clock
Related violations: <none>

TIMING-17#414 Critical Warning
Non-clocked sequential cell  
The clock pin OUTPUT_STREAM_if_U/rs/data_p2_reg[36]/C is not reached by a timing clock
Related violations: <none>

TIMING-17#415 Critical Warning
Non-clocked sequential cell  
The clock pin OUTPUT_STREAM_if_U/rs/data_p2_reg[37]/C is not reached by a timing clock
Related violations: <none>

TIMING-17#416 Critical Warning
Non-clocked sequential cell  
The clock pin OUTPUT_STREAM_if_U/rs/data_p2_reg[38]/C is not reached by a timing clock
Related violations: <none>

TIMING-17#417 Critical Warning
Non-clocked sequential cell  
The clock pin OUTPUT_STREAM_if_U/rs/data_p2_reg[39]/C is not reached by a timing clock
Related violations: <none>

TIMING-17#418 Critical Warning
Non-clocked sequential cell  
The clock pin OUTPUT_STREAM_if_U/rs/data_p2_reg[3]/C is not reached by a timing clock
Related violations: <none>

TIMING-17#419 Critical Warning
Non-clocked sequential cell  
The clock pin OUTPUT_STREAM_if_U/rs/data_p2_reg[40]/C is not reached by a timing clock
Related violations: <none>

TIMING-17#420 Critical Warning
Non-clocked sequential cell  
The clock pin OUTPUT_STREAM_if_U/rs/data_p2_reg[41]/C is not reached by a timing clock
Related violations: <none>

TIMING-17#421 Critical Warning
Non-clocked sequential cell  
The clock pin OUTPUT_STREAM_if_U/rs/data_p2_reg[42]/C is not reached by a timing clock
Related violations: <none>

TIMING-17#422 Critical Warning
Non-clocked sequential cell  
The clock pin OUTPUT_STREAM_if_U/rs/data_p2_reg[43]/C is not reached by a timing clock
Related violations: <none>

TIMING-17#423 Critical Warning
Non-clocked sequential cell  
The clock pin OUTPUT_STREAM_if_U/rs/data_p2_reg[44]/C is not reached by a timing clock
Related violations: <none>

TIMING-17#424 Critical Warning
Non-clocked sequential cell  
The clock pin OUTPUT_STREAM_if_U/rs/data_p2_reg[45]/C is not reached by a timing clock
Related violations: <none>

TIMING-17#425 Critical Warning
Non-clocked sequential cell  
The clock pin OUTPUT_STREAM_if_U/rs/data_p2_reg[46]/C is not reached by a timing clock
Related violations: <none>

TIMING-17#426 Critical Warning
Non-clocked sequential cell  
The clock pin OUTPUT_STREAM_if_U/rs/data_p2_reg[47]/C is not reached by a timing clock
Related violations: <none>

TIMING-17#427 Critical Warning
Non-clocked sequential cell  
The clock pin OUTPUT_STREAM_if_U/rs/data_p2_reg[48]/C is not reached by a timing clock
Related violations: <none>

TIMING-17#428 Critical Warning
Non-clocked sequential cell  
The clock pin OUTPUT_STREAM_if_U/rs/data_p2_reg[49]/C is not reached by a timing clock
Related violations: <none>

TIMING-17#429 Critical Warning
Non-clocked sequential cell  
The clock pin OUTPUT_STREAM_if_U/rs/data_p2_reg[4]/C is not reached by a timing clock
Related violations: <none>

TIMING-17#430 Critical Warning
Non-clocked sequential cell  
The clock pin OUTPUT_STREAM_if_U/rs/data_p2_reg[50]/C is not reached by a timing clock
Related violations: <none>

TIMING-17#431 Critical Warning
Non-clocked sequential cell  
The clock pin OUTPUT_STREAM_if_U/rs/data_p2_reg[51]/C is not reached by a timing clock
Related violations: <none>

TIMING-17#432 Critical Warning
Non-clocked sequential cell  
The clock pin OUTPUT_STREAM_if_U/rs/data_p2_reg[52]/C is not reached by a timing clock
Related violations: <none>

TIMING-17#433 Critical Warning
Non-clocked sequential cell  
The clock pin OUTPUT_STREAM_if_U/rs/data_p2_reg[53]/C is not reached by a timing clock
Related violations: <none>

TIMING-17#434 Critical Warning
Non-clocked sequential cell  
The clock pin OUTPUT_STREAM_if_U/rs/data_p2_reg[54]/C is not reached by a timing clock
Related violations: <none>

TIMING-17#435 Critical Warning
Non-clocked sequential cell  
The clock pin OUTPUT_STREAM_if_U/rs/data_p2_reg[55]/C is not reached by a timing clock
Related violations: <none>

TIMING-17#436 Critical Warning
Non-clocked sequential cell  
The clock pin OUTPUT_STREAM_if_U/rs/data_p2_reg[56]/C is not reached by a timing clock
Related violations: <none>

TIMING-17#437 Critical Warning
Non-clocked sequential cell  
The clock pin OUTPUT_STREAM_if_U/rs/data_p2_reg[57]/C is not reached by a timing clock
Related violations: <none>

TIMING-17#438 Critical Warning
Non-clocked sequential cell  
The clock pin OUTPUT_STREAM_if_U/rs/data_p2_reg[58]/C is not reached by a timing clock
Related violations: <none>

TIMING-17#439 Critical Warning
Non-clocked sequential cell  
The clock pin OUTPUT_STREAM_if_U/rs/data_p2_reg[59]/C is not reached by a timing clock
Related violations: <none>

TIMING-17#440 Critical Warning
Non-clocked sequential cell  
The clock pin OUTPUT_STREAM_if_U/rs/data_p2_reg[5]/C is not reached by a timing clock
Related violations: <none>

TIMING-17#441 Critical Warning
Non-clocked sequential cell  
The clock pin OUTPUT_STREAM_if_U/rs/data_p2_reg[60]/C is not reached by a timing clock
Related violations: <none>

TIMING-17#442 Critical Warning
Non-clocked sequential cell  
The clock pin OUTPUT_STREAM_if_U/rs/data_p2_reg[61]/C is not reached by a timing clock
Related violations: <none>

TIMING-17#443 Critical Warning
Non-clocked sequential cell  
The clock pin OUTPUT_STREAM_if_U/rs/data_p2_reg[62]/C is not reached by a timing clock
Related violations: <none>

TIMING-17#444 Critical Warning
Non-clocked sequential cell  
The clock pin OUTPUT_STREAM_if_U/rs/data_p2_reg[63]/C is not reached by a timing clock
Related violations: <none>

TIMING-17#445 Critical Warning
Non-clocked sequential cell  
The clock pin OUTPUT_STREAM_if_U/rs/data_p2_reg[64]/C is not reached by a timing clock
Related violations: <none>

TIMING-17#446 Critical Warning
Non-clocked sequential cell  
The clock pin OUTPUT_STREAM_if_U/rs/data_p2_reg[65]/C is not reached by a timing clock
Related violations: <none>

TIMING-17#447 Critical Warning
Non-clocked sequential cell  
The clock pin OUTPUT_STREAM_if_U/rs/data_p2_reg[66]/C is not reached by a timing clock
Related violations: <none>

TIMING-17#448 Critical Warning
Non-clocked sequential cell  
The clock pin OUTPUT_STREAM_if_U/rs/data_p2_reg[67]/C is not reached by a timing clock
Related violations: <none>

TIMING-17#449 Critical Warning
Non-clocked sequential cell  
The clock pin OUTPUT_STREAM_if_U/rs/data_p2_reg[68]/C is not reached by a timing clock
Related violations: <none>

TIMING-17#450 Critical Warning
Non-clocked sequential cell  
The clock pin OUTPUT_STREAM_if_U/rs/data_p2_reg[69]/C is not reached by a timing clock
Related violations: <none>

TIMING-17#451 Critical Warning
Non-clocked sequential cell  
The clock pin OUTPUT_STREAM_if_U/rs/data_p2_reg[6]/C is not reached by a timing clock
Related violations: <none>

TIMING-17#452 Critical Warning
Non-clocked sequential cell  
The clock pin OUTPUT_STREAM_if_U/rs/data_p2_reg[70]/C is not reached by a timing clock
Related violations: <none>

TIMING-17#453 Critical Warning
Non-clocked sequential cell  
The clock pin OUTPUT_STREAM_if_U/rs/data_p2_reg[71]/C is not reached by a timing clock
Related violations: <none>

TIMING-17#454 Critical Warning
Non-clocked sequential cell  
The clock pin OUTPUT_STREAM_if_U/rs/data_p2_reg[72]/C is not reached by a timing clock
Related violations: <none>

TIMING-17#455 Critical Warning
Non-clocked sequential cell  
The clock pin OUTPUT_STREAM_if_U/rs/data_p2_reg[7]/C is not reached by a timing clock
Related violations: <none>

TIMING-17#456 Critical Warning
Non-clocked sequential cell  
The clock pin OUTPUT_STREAM_if_U/rs/data_p2_reg[8]/C is not reached by a timing clock
Related violations: <none>

TIMING-17#457 Critical Warning
Non-clocked sequential cell  
The clock pin OUTPUT_STREAM_if_U/rs/data_p2_reg[9]/C is not reached by a timing clock
Related violations: <none>

TIMING-17#458 Critical Warning
Non-clocked sequential cell  
The clock pin OUTPUT_STREAM_if_U/rs/s_ready_t_reg/C is not reached by a timing clock
Related violations: <none>

TIMING-17#459 Critical Warning
Non-clocked sequential cell  
The clock pin OUTPUT_STREAM_if_U/rs/state_reg[0]/C is not reached by a timing clock
Related violations: <none>

TIMING-17#460 Critical Warning
Non-clocked sequential cell  
The clock pin OUTPUT_STREAM_if_U/rs/state_reg[1]/C is not reached by a timing clock
Related violations: <none>


