#-----------------------------------------------------------
# Vivado v2019.1 (64-bit)
# SW Build 2552052 on Fri May 24 14:49:42 MDT 2019
# IP Build 2548770 on Fri May 24 18:01:18 MDT 2019
# Start of session at: Mon Mar 14 23:37:57 2022
# Process ID: 12696
# Current directory: C:/Users/Cong Syuan Chen/Desktop/2022_SOC_Lab/Lab6and7_2021_yk/lab6/YoloTop_ref/project_1
# Command line: vivado.exe -gui_launcher_event rodinguilauncherevent4396 C:\Users\Cong Syuan Chen\Desktop\2022_SOC_Lab\Lab6and7_2021_yk\lab6\YoloTop_ref\project_1\project_1.xpr
# Log file: C:/Users/Cong Syuan Chen/Desktop/2022_SOC_Lab/Lab6and7_2021_yk/lab6/YoloTop_ref/project_1/vivado.log
# Journal file: C:/Users/Cong Syuan Chen/Desktop/2022_SOC_Lab/Lab6and7_2021_yk/lab6/YoloTop_ref/project_1\vivado.jou
#-----------------------------------------------------------
start_gui
open_project {C:/Users/Cong Syuan Chen/Desktop/2022_SOC_Lab/Lab6and7_2021_yk/lab6/YoloTop_ref/project_1/project_1.xpr}
INFO: [ProjectBase 1-489] The host OS only allows 260 characters in a normal path. The project is stored in a path with more than 80 characters. If you experience issues with IP, Block Designs, or files not being found, please consider moving the project to a location with a shorter path. Alternately consider using the OS subst command to map part of the path to a drive letter.
Current project path is 'C:/Users/Cong Syuan Chen/Desktop/2022_SOC_Lab/Lab6and7_2021_yk/lab6/YoloTop_ref/project_1'
CRITICAL WARNING: [Project 1-19] Could not find the file 'C:/Users/Cong Syuan Chen/Desktop/2022_SOC_Lab/proj_2019/nchu/yolotop_ref/component.xml'.
Scanning sources...
Finished scanning sources
WARNING: [filemgmt 56-3] IP Repository Path: Could not find the directory 'C:/Users/Cong Syuan Chen/Desktop/2022_SOC_Lab/proj_2019/nchu/yolotop_ref'.
INFO: [IP_Flow 19-234] Refreshing IP repositories
WARNING: [IP_Flow 19-2248] Failed to load user IP repository 'c:/Users/Cong Syuan Chen/Desktop/2022_SOC_Lab/proj_2019/nchu/yolotop_ref'; Can't find the specified path.
If this directory should no longer be in your list of user repositories, go to the IP Settings dialog and remove it.
INFO: [IP_Flow 19-2313] Loaded Vivado IP repository 'E:/Xilinx_Vivado_SDK_2019.1_0524_1430/Vivado/2019.1/data/ip'.
open_project: Time (s): cpu = 00:00:15 ; elapsed = 00:00:09 . Memory (MB): peak = 809.961 ; gain = 153.242
update_compile_order -fileset sources_1
export_ip_user_files -of_objects  [get_files {{C:/Users/Cong Syuan Chen/Desktop/2022_SOC_Lab/Lab6and7_2021_yk/lab6/YoloTop_ref/project_1/project_1.srcs/sources_1/bd/design_1/design_1.bd}}] -no_script -reset -force -quiet
remove_files  {{C:/Users/Cong Syuan Chen/Desktop/2022_SOC_Lab/Lab6and7_2021_yk/lab6/YoloTop_ref/project_1/project_1.srcs/sources_1/bd/design_1/design_1.bd}}
remove_files  {{C:/Users/Cong Syuan Chen/Desktop/2022_SOC_Lab/Lab6and7_2021_yk/lab6/YoloTop_ref/project_1/project_1.srcs/sources_1/bd/design_1/design_1.bd}}
WARNING: [Vivado 12-818] No files matched 'C:/Users/Cong Syuan Chen/Desktop/2022_SOC_Lab/Lab6and7_2021_yk/lab6/YoloTop_ref/project_1/project_1.srcs/sources_1/bd/design_1/design_1.bd'
file delete -force {C:/Users/Cong Syuan Chen/Desktop/2022_SOC_Lab/Lab6and7_2021_yk/lab6/YoloTop_ref/project_1/project_1.srcs/sources_1/bd/design_1/design_1.bd}
exit
INFO: [Common 17-206] Exiting Vivado at Mon Mar 14 23:38:54 2022...
